{
  "C:\\Users\\paulh\\OneDrive\\Escritorio\\Infor\\cuarto\\stw\\flytrax\\flytrax-frontend\\flytrax\\assets\\dummy\\dummyData.js": {
    "path": "C:\\Users\\paulh\\OneDrive\\Escritorio\\Infor\\cuarto\\stw\\flytrax\\flytrax-frontend\\flytrax\\assets\\dummy\\dummyData.js",
    "statementMap": {
      "0": {
        "start": {
          "line": 1,
          "column": 28
        },
        "end": {
          "line": 32,
          "column": 1
        }
      },
      "1": {
        "start": {
          "line": 34,
          "column": 29
        },
        "end": {
          "line": 755,
          "column": 1
        }
      },
      "2": {
        "start": {
          "line": 757,
          "column": 25
        },
        "end": {
          "line": 794,
          "column": 1
        }
      },
      "3": {
        "start": {
          "line": 796,
          "column": 24
        },
        "end": {
          "line": 837,
          "column": 1
        }
      },
      "4": {
        "start": {
          "line": 839,
          "column": 25
        },
        "end": {
          "line": 888,
          "column": 1
        }
      },
      "5": {
        "start": {
          "line": 890,
          "column": 27
        },
        "end": {
          "line": 939,
          "column": 1
        }
      }
    },
    "fnMap": {},
    "branchMap": {},
    "s": {
      "0": 4,
      "1": 4,
      "2": 4,
      "3": 4,
      "4": 4,
      "5": 4
    },
    "f": {},
    "b": {},
    "_coverageSchema": "1a1c01bbd47fc00a2c39e90264f33305004495a9",
    "hash": "a58c87c009e2c5d782805c9b74ba5a18391ba1be"
  },
  "C:\\Users\\paulh\\OneDrive\\Escritorio\\Infor\\cuarto\\stw\\flytrax\\flytrax-frontend\\flytrax\\components\\AirportCard.jsx": {
    "path": "C:\\Users\\paulh\\OneDrive\\Escritorio\\Infor\\cuarto\\stw\\flytrax\\flytrax-frontend\\flytrax\\components\\AirportCard.jsx",
    "statementMap": {
      "0": {
        "start": {
          "line": 7,
          "column": 20
        },
        "end": {
          "line": 25,
          "column": 1
        }
      },
      "1": {
        "start": {
          "line": 8,
          "column": 2
        },
        "end": {
          "line": 24,
          "column": 4
        }
      },
      "2": {
        "start": {
          "line": 12,
          "column": 10
        },
        "end": {
          "line": 20,
          "column": 16
        }
      }
    },
    "fnMap": {
      "0": {
        "name": "(anonymous_0)",
        "decl": {
          "start": {
            "line": 7,
            "column": 20
          },
          "end": {
            "line": 7,
            "column": 21
          }
        },
        "loc": {
          "start": {
            "line": 7,
            "column": 26
          },
          "end": {
            "line": 25,
            "column": 1
          }
        },
        "line": 7
      },
      "1": {
        "name": "(anonymous_1)",
        "decl": {
          "start": {
            "line": 11,
            "column": 23
          },
          "end": {
            "line": 11,
            "column": 24
          }
        },
        "loc": {
          "start": {
            "line": 12,
            "column": 10
          },
          "end": {
            "line": 20,
            "column": 16
          }
        },
        "line": 12
      }
    },
    "branchMap": {},
    "s": {
      "0": 4,
      "1": 0,
      "2": 0
    },
    "f": {
      "0": 0,
      "1": 0
    },
    "b": {},
    "_coverageSchema": "1a1c01bbd47fc00a2c39e90264f33305004495a9",
    "hash": "990d49d53bfecda3d23a6b53091c4ad7edb13f63"
  },
  "C:\\Users\\paulh\\OneDrive\\Escritorio\\Infor\\cuarto\\stw\\flytrax\\flytrax-frontend\\flytrax\\components\\CustomLink.jsx": {
    "path": "C:\\Users\\paulh\\OneDrive\\Escritorio\\Infor\\cuarto\\stw\\flytrax\\flytrax-frontend\\flytrax\\components\\CustomLink.jsx",
    "statementMap": {
      "0": {
        "start": {
          "line": 6,
          "column": 17
        },
        "end": {
          "line": 6,
          "column": 28
        }
      },
      "1": {
        "start": {
          "line": 7,
          "column": 19
        },
        "end": {
          "line": 7,
          "column": 41
        }
      },
      "2": {
        "start": {
          "line": 9,
          "column": 2
        },
        "end": {
          "line": 21,
          "column": 4
        }
      }
    },
    "fnMap": {
      "0": {
        "name": "CustomLink",
        "decl": {
          "start": {
            "line": 5,
            "column": 9
          },
          "end": {
            "line": 5,
            "column": 19
          }
        },
        "loc": {
          "start": {
            "line": 5,
            "column": 48
          },
          "end": {
            "line": 22,
            "column": 1
          }
        },
        "line": 5
      }
    },
    "branchMap": {
      "0": {
        "loc": {
          "start": {
            "line": 12,
            "column": 8
          },
          "end": {
            "line": 14,
            "column": 38
          }
        },
        "type": "cond-expr",
        "locations": [
          {
            "start": {
              "line": 13,
              "column": 12
            },
            "end": {
              "line": 13,
              "column": 49
            }
          },
          {
            "start": {
              "line": 14,
              "column": 12
            },
            "end": {
              "line": 14,
              "column": 38
            }
          }
        ],
        "line": 12
      }
    },
    "s": {
      "0": 134,
      "1": 134,
      "2": 134
    },
    "f": {
      "0": 134
    },
    "b": {
      "0": [
        4,
        130
      ]
    },
    "_coverageSchema": "1a1c01bbd47fc00a2c39e90264f33305004495a9",
    "hash": "85deff6fd352b193a2bd17bbf21acbfd5cc0380b"
  },
  "C:\\Users\\paulh\\OneDrive\\Escritorio\\Infor\\cuarto\\stw\\flytrax\\flytrax-frontend\\flytrax\\components\\MenuList.jsx": {
    "path": "C:\\Users\\paulh\\OneDrive\\Escritorio\\Infor\\cuarto\\stw\\flytrax\\flytrax-frontend\\flytrax\\components\\MenuList.jsx",
    "statementMap": {
      "0": {
        "start": {
          "line": 7,
          "column": 17
        },
        "end": {
          "line": 117,
          "column": 1
        }
      },
      "1": {
        "start": {
          "line": 8,
          "column": 17
        },
        "end": {
          "line": 8,
          "column": 28
        }
      },
      "2": {
        "start": {
          "line": 10,
          "column": 26
        },
        "end": {
          "line": 10,
          "column": 41
        }
      },
      "3": {
        "start": {
          "line": 12,
          "column": 25
        },
        "end": {
          "line": 12,
          "column": 50
        }
      },
      "4": {
        "start": {
          "line": 14,
          "column": 2
        },
        "end": {
          "line": 19,
          "column": 9
        }
      },
      "5": {
        "start": {
          "line": 16,
          "column": 26
        },
        "end": {
          "line": 16,
          "column": 51
        }
      },
      "6": {
        "start": {
          "line": 18,
          "column": 4
        },
        "end": {
          "line": 18,
          "column": 27
        }
      },
      "7": {
        "start": {
          "line": 21,
          "column": 23
        },
        "end": {
          "line": 30,
          "column": 3
        }
      },
      "8": {
        "start": {
          "line": 23,
          "column": 4
        },
        "end": {
          "line": 23,
          "column": 33
        }
      },
      "9": {
        "start": {
          "line": 25,
          "column": 4
        },
        "end": {
          "line": 25,
          "column": 19
        }
      },
      "10": {
        "start": {
          "line": 27,
          "column": 4
        },
        "end": {
          "line": 29,
          "column": 12
        }
      },
      "11": {
        "start": {
          "line": 28,
          "column": 6
        },
        "end": {
          "line": 28,
          "column": 23
        }
      },
      "12": {
        "start": {
          "line": 32,
          "column": 2
        },
        "end": {
          "line": 116,
          "column": 4
        }
      }
    },
    "fnMap": {
      "0": {
        "name": "(anonymous_0)",
        "decl": {
          "start": {
            "line": 7,
            "column": 17
          },
          "end": {
            "line": 7,
            "column": 18
          }
        },
        "loc": {
          "start": {
            "line": 7,
            "column": 31
          },
          "end": {
            "line": 117,
            "column": 1
          }
        },
        "line": 7
      },
      "1": {
        "name": "(anonymous_1)",
        "decl": {
          "start": {
            "line": 14,
            "column": 12
          },
          "end": {
            "line": 14,
            "column": 13
          }
        },
        "loc": {
          "start": {
            "line": 14,
            "column": 18
          },
          "end": {
            "line": 19,
            "column": 3
          }
        },
        "line": 14
      },
      "2": {
        "name": "(anonymous_2)",
        "decl": {
          "start": {
            "line": 21,
            "column": 23
          },
          "end": {
            "line": 21,
            "column": 24
          }
        },
        "loc": {
          "start": {
            "line": 21,
            "column": 29
          },
          "end": {
            "line": 30,
            "column": 3
          }
        },
        "line": 21
      },
      "3": {
        "name": "(anonymous_3)",
        "decl": {
          "start": {
            "line": 27,
            "column": 15
          },
          "end": {
            "line": 27,
            "column": 16
          }
        },
        "loc": {
          "start": {
            "line": 27,
            "column": 21
          },
          "end": {
            "line": 29,
            "column": 5
          }
        },
        "line": 27
      }
    },
    "branchMap": {
      "0": {
        "loc": {
          "start": {
            "line": 32,
            "column": 9
          },
          "end": {
            "line": 116,
            "column": 3
          }
        },
        "type": "cond-expr",
        "locations": [
          {
            "start": {
              "line": 33,
              "column": 4
            },
            "end": {
              "line": 73,
              "column": 9
            }
          },
          {
            "start": {
              "line": 75,
              "column": 4
            },
            "end": {
              "line": 115,
              "column": 9
            }
          }
        ],
        "line": 32
      },
      "1": {
        "loc": {
          "start": {
            "line": 35,
            "column": 8
          },
          "end": {
            "line": 35,
            "column": 56
          }
        },
        "type": "cond-expr",
        "locations": [
          {
            "start": {
              "line": 35,
              "column": 15
            },
            "end": {
              "line": 35,
              "column": 35
            }
          },
          {
            "start": {
              "line": 35,
              "column": 38
            },
            "end": {
              "line": 35,
              "column": 56
            }
          }
        ],
        "line": 35
      },
      "2": {
        "loc": {
          "start": {
            "line": 77,
            "column": 8
          },
          "end": {
            "line": 77,
            "column": 56
          }
        },
        "type": "cond-expr",
        "locations": [
          {
            "start": {
              "line": 77,
              "column": 15
            },
            "end": {
              "line": 77,
              "column": 35
            }
          },
          {
            "start": {
              "line": 77,
              "column": 38
            },
            "end": {
              "line": 77,
              "column": 56
            }
          }
        ],
        "line": 77
      }
    },
    "s": {
      "0": 4,
      "1": 16,
      "2": 16,
      "3": 16,
      "4": 16,
      "5": 4,
      "6": 4,
      "7": 16,
      "8": 0,
      "9": 0,
      "10": 0,
      "11": 0,
      "12": 16
    },
    "f": {
      "0": 16,
      "1": 4,
      "2": 0,
      "3": 0
    },
    "b": {
      "0": [
        0,
        16
      ],
      "1": [
        0,
        0
      ],
      "2": [
        2,
        14
      ]
    },
    "_coverageSchema": "1a1c01bbd47fc00a2c39e90264f33305004495a9",
    "hash": "752a6c48183f1292bdd6774b1a16b8720f17e67b"
  },
  "C:\\Users\\paulh\\OneDrive\\Escritorio\\Infor\\cuarto\\stw\\flytrax\\flytrax-frontend\\flytrax\\components\\Navbar.jsx": {
    "path": "C:\\Users\\paulh\\OneDrive\\Escritorio\\Infor\\cuarto\\stw\\flytrax\\flytrax-frontend\\flytrax\\components\\Navbar.jsx",
    "statementMap": {
      "0": {
        "start": {
          "line": 13,
          "column": 15
        },
        "end": {
          "line": 170,
          "column": 1
        }
      },
      "1": {
        "start": {
          "line": 14,
          "column": 17
        },
        "end": {
          "line": 14,
          "column": 28
        }
      },
      "2": {
        "start": {
          "line": 16,
          "column": 26
        },
        "end": {
          "line": 16,
          "column": 41
        }
      },
      "3": {
        "start": {
          "line": 17,
          "column": 26
        },
        "end": {
          "line": 17,
          "column": 41
        }
      },
      "4": {
        "start": {
          "line": 19,
          "column": 25
        },
        "end": {
          "line": 19,
          "column": 50
        }
      },
      "5": {
        "start": {
          "line": 21,
          "column": 2
        },
        "end": {
          "line": 26,
          "column": 9
        }
      },
      "6": {
        "start": {
          "line": 23,
          "column": 26
        },
        "end": {
          "line": 23,
          "column": 51
        }
      },
      "7": {
        "start": {
          "line": 25,
          "column": 4
        },
        "end": {
          "line": 25,
          "column": 27
        }
      },
      "8": {
        "start": {
          "line": 28,
          "column": 23
        },
        "end": {
          "line": 37,
          "column": 3
        }
      },
      "9": {
        "start": {
          "line": 30,
          "column": 4
        },
        "end": {
          "line": 30,
          "column": 33
        }
      },
      "10": {
        "start": {
          "line": 32,
          "column": 4
        },
        "end": {
          "line": 32,
          "column": 19
        }
      },
      "11": {
        "start": {
          "line": 34,
          "column": 4
        },
        "end": {
          "line": 36,
          "column": 12
        }
      },
      "12": {
        "start": {
          "line": 35,
          "column": 6
        },
        "end": {
          "line": 35,
          "column": 23
        }
      },
      "13": {
        "start": {
          "line": 39,
          "column": 2
        },
        "end": {
          "line": 169,
          "column": 4
        }
      },
      "14": {
        "start": {
          "line": 61,
          "column": 27
        },
        "end": {
          "line": 61,
          "column": 41
        }
      },
      "15": {
        "start": {
          "line": 126,
          "column": 27
        },
        "end": {
          "line": 126,
          "column": 41
        }
      }
    },
    "fnMap": {
      "0": {
        "name": "(anonymous_0)",
        "decl": {
          "start": {
            "line": 13,
            "column": 15
          },
          "end": {
            "line": 13,
            "column": 16
          }
        },
        "loc": {
          "start": {
            "line": 13,
            "column": 21
          },
          "end": {
            "line": 170,
            "column": 1
          }
        },
        "line": 13
      },
      "1": {
        "name": "(anonymous_1)",
        "decl": {
          "start": {
            "line": 21,
            "column": 12
          },
          "end": {
            "line": 21,
            "column": 13
          }
        },
        "loc": {
          "start": {
            "line": 21,
            "column": 18
          },
          "end": {
            "line": 26,
            "column": 3
          }
        },
        "line": 21
      },
      "2": {
        "name": "(anonymous_2)",
        "decl": {
          "start": {
            "line": 28,
            "column": 23
          },
          "end": {
            "line": 28,
            "column": 24
          }
        },
        "loc": {
          "start": {
            "line": 28,
            "column": 29
          },
          "end": {
            "line": 37,
            "column": 3
          }
        },
        "line": 28
      },
      "3": {
        "name": "(anonymous_3)",
        "decl": {
          "start": {
            "line": 34,
            "column": 15
          },
          "end": {
            "line": 34,
            "column": 16
          }
        },
        "loc": {
          "start": {
            "line": 34,
            "column": 21
          },
          "end": {
            "line": 36,
            "column": 5
          }
        },
        "line": 34
      },
      "4": {
        "name": "(anonymous_4)",
        "decl": {
          "start": {
            "line": 61,
            "column": 21
          },
          "end": {
            "line": 61,
            "column": 22
          }
        },
        "loc": {
          "start": {
            "line": 61,
            "column": 27
          },
          "end": {
            "line": 61,
            "column": 41
          }
        },
        "line": 61
      },
      "5": {
        "name": "(anonymous_5)",
        "decl": {
          "start": {
            "line": 126,
            "column": 21
          },
          "end": {
            "line": 126,
            "column": 22
          }
        },
        "loc": {
          "start": {
            "line": 126,
            "column": 27
          },
          "end": {
            "line": 126,
            "column": 41
          }
        },
        "line": 126
      }
    },
    "branchMap": {
      "0": {
        "loc": {
          "start": {
            "line": 39,
            "column": 9
          },
          "end": {
            "line": 169,
            "column": 3
          }
        },
        "type": "cond-expr",
        "locations": [
          {
            "start": {
              "line": 40,
              "column": 4
            },
            "end": {
              "line": 103,
              "column": 10
            }
          },
          {
            "start": {
              "line": 105,
              "column": 4
            },
            "end": {
              "line": 168,
              "column": 10
            }
          }
        ],
        "line": 39
      },
      "1": {
        "loc": {
          "start": {
            "line": 63,
            "column": 35
          },
          "end": {
            "line": 63,
            "column": 58
          }
        },
        "type": "cond-expr",
        "locations": [
          {
            "start": {
              "line": 63,
              "column": 42
            },
            "end": {
              "line": 63,
              "column": 49
            }
          },
          {
            "start": {
              "line": 63,
              "column": 52
            },
            "end": {
              "line": 63,
              "column": 58
            }
          }
        ],
        "line": 63
      },
      "2": {
        "loc": {
          "start": {
            "line": 128,
            "column": 35
          },
          "end": {
            "line": 128,
            "column": 58
          }
        },
        "type": "cond-expr",
        "locations": [
          {
            "start": {
              "line": 128,
              "column": 42
            },
            "end": {
              "line": 128,
              "column": 49
            }
          },
          {
            "start": {
              "line": 128,
              "column": 52
            },
            "end": {
              "line": 128,
              "column": 58
            }
          }
        ],
        "line": 128
      }
    },
    "s": {
      "0": 4,
      "1": 18,
      "2": 18,
      "3": 18,
      "4": 18,
      "5": 18,
      "6": 4,
      "7": 4,
      "8": 18,
      "9": 0,
      "10": 0,
      "11": 0,
      "12": 0,
      "13": 18,
      "14": 0,
      "15": 2
    },
    "f": {
      "0": 18,
      "1": 4,
      "2": 0,
      "3": 0,
      "4": 0,
      "5": 2
    },
    "b": {
      "0": [
        0,
        18
      ],
      "1": [
        0,
        0
      ],
      "2": [
        4,
        14
      ]
    },
    "_coverageSchema": "1a1c01bbd47fc00a2c39e90264f33305004495a9",
    "hash": "f744c392dbe60dbaf59cb3f4ce823624ed37aa96"
  },
  "C:\\Users\\paulh\\OneDrive\\Escritorio\\Infor\\cuarto\\stw\\flytrax\\flytrax-frontend\\flytrax\\components\\Footer.jsx": {
    "path": "C:\\Users\\paulh\\OneDrive\\Escritorio\\Infor\\cuarto\\stw\\flytrax\\flytrax-frontend\\flytrax\\components\\Footer.jsx",
    "statementMap": {
      "0": {
        "start": {
          "line": 14,
          "column": 15
        },
        "end": {
          "line": 176,
          "column": 1
        }
      },
      "1": {
        "start": {
          "line": 15,
          "column": 2
        },
        "end": {
          "line": 175,
          "column": 4
        }
      }
    },
    "fnMap": {
      "0": {
        "name": "(anonymous_0)",
        "decl": {
          "start": {
            "line": 14,
            "column": 15
          },
          "end": {
            "line": 14,
            "column": 16
          }
        },
        "loc": {
          "start": {
            "line": 14,
            "column": 21
          },
          "end": {
            "line": 176,
            "column": 1
          }
        },
        "line": 14
      }
    },
    "branchMap": {},
    "s": {
      "0": 4,
      "1": 6
    },
    "f": {
      "0": 6
    },
    "b": {},
    "_coverageSchema": "1a1c01bbd47fc00a2c39e90264f33305004495a9",
    "hash": "7ee2da9d8aa616c50bbc6cd5ebaa9ac501b44bed"
  },
  "C:\\Users\\paulh\\OneDrive\\Escritorio\\Infor\\cuarto\\stw\\flytrax\\flytrax-frontend\\flytrax\\components\\Layout.jsx": {
    "path": "C:\\Users\\paulh\\OneDrive\\Escritorio\\Infor\\cuarto\\stw\\flytrax\\flytrax-frontend\\flytrax\\components\\Layout.jsx",
    "statementMap": {
      "0": {
        "start": {
          "line": 5,
          "column": 15
        },
        "end": {
          "line": 23,
          "column": 1
        }
      },
      "1": {
        "start": {
          "line": 6,
          "column": 2
        },
        "end": {
          "line": 22,
          "column": 4
        }
      }
    },
    "fnMap": {
      "0": {
        "name": "(anonymous_0)",
        "decl": {
          "start": {
            "line": 5,
            "column": 15
          },
          "end": {
            "line": 5,
            "column": 16
          }
        },
        "loc": {
          "start": {
            "line": 5,
            "column": 33
          },
          "end": {
            "line": 23,
            "column": 1
          }
        },
        "line": 5
      }
    },
    "branchMap": {},
    "s": {
      "0": 4,
      "1": 10
    },
    "f": {
      "0": 10
    },
    "b": {},
    "_coverageSchema": "1a1c01bbd47fc00a2c39e90264f33305004495a9",
    "hash": "cfb7e3b10692d377dd10b11c4587c6992d9fed04"
  },
  "C:\\Users\\paulh\\OneDrive\\Escritorio\\Infor\\cuarto\\stw\\flytrax\\flytrax-frontend\\flytrax\\components\\Banner.jsx": {
    "path": "C:\\Users\\paulh\\OneDrive\\Escritorio\\Infor\\cuarto\\stw\\flytrax\\flytrax-frontend\\flytrax\\components\\Banner.jsx",
    "statementMap": {
      "0": {
        "start": {
          "line": 6,
          "column": 15
        },
        "end": {
          "line": 38,
          "column": 1
        }
      },
      "1": {
        "start": {
          "line": 7,
          "column": 2
        },
        "end": {
          "line": 37,
          "column": 4
        }
      }
    },
    "fnMap": {
      "0": {
        "name": "(anonymous_0)",
        "decl": {
          "start": {
            "line": 6,
            "column": 15
          },
          "end": {
            "line": 6,
            "column": 16
          }
        },
        "loc": {
          "start": {
            "line": 6,
            "column": 21
          },
          "end": {
            "line": 38,
            "column": 1
          }
        },
        "line": 6
      }
    },
    "branchMap": {},
    "s": {
      "0": 4,
      "1": 0
    },
    "f": {
      "0": 0
    },
    "b": {},
    "_coverageSchema": "1a1c01bbd47fc00a2c39e90264f33305004495a9",
    "hash": "761615fffff358c640fd16c39ad4ea5086095cf0"
  },
  "C:\\Users\\paulh\\OneDrive\\Escritorio\\Infor\\cuarto\\stw\\flytrax\\flytrax-frontend\\flytrax\\context\\StateContext.js": {
    "path": "C:\\Users\\paulh\\OneDrive\\Escritorio\\Infor\\cuarto\\stw\\flytrax\\flytrax-frontend\\flytrax\\context\\StateContext.js",
    "statementMap": {
      "0": {
        "start": {
          "line": 4,
          "column": 16
        },
        "end": {
          "line": 4,
          "column": 31
        }
      },
      "1": {
        "start": {
          "line": 6,
          "column": 28
        },
        "end": {
          "line": 41,
          "column": 1
        }
      },
      "2": {
        "start": {
          "line": 7,
          "column": 34
        },
        "end": {
          "line": 10,
          "column": 4
        }
      },
      "3": {
        "start": {
          "line": 11,
          "column": 32
        },
        "end": {
          "line": 11,
          "column": 58
        }
      },
      "4": {
        "start": {
          "line": 12,
          "column": 36
        },
        "end": {
          "line": 12,
          "column": 48
        }
      },
      "5": {
        "start": {
          "line": 13,
          "column": 48
        },
        "end": {
          "line": 13,
          "column": 58
        }
      },
      "6": {
        "start": {
          "line": 14,
          "column": 32
        },
        "end": {
          "line": 14,
          "column": 47
        }
      },
      "7": {
        "start": {
          "line": 16,
          "column": 2
        },
        "end": {
          "line": 22,
          "column": 9
        }
      },
      "8": {
        "start": {
          "line": 17,
          "column": 25
        },
        "end": {
          "line": 19,
          "column": 6
        }
      },
      "9": {
        "start": {
          "line": 18,
          "column": 6
        },
        "end": {
          "line": 18,
          "column": 29
        }
      },
      "10": {
        "start": {
          "line": 20,
          "column": 28
        },
        "end": {
          "line": 20,
          "column": 72
        }
      },
      "11": {
        "start": {
          "line": 21,
          "column": 4
        },
        "end": {
          "line": 21,
          "column": 34
        }
      },
      "12": {
        "start": {
          "line": 24,
          "column": 2
        },
        "end": {
          "line": 40,
          "column": 4
        }
      },
      "13": {
        "start": {
          "line": 43,
          "column": 31
        },
        "end": {
          "line": 43,
          "column": 56
        }
      },
      "14": {
        "start": {
          "line": 43,
          "column": 37
        },
        "end": {
          "line": 43,
          "column": 56
        }
      }
    },
    "fnMap": {
      "0": {
        "name": "(anonymous_0)",
        "decl": {
          "start": {
            "line": 6,
            "column": 28
          },
          "end": {
            "line": 6,
            "column": 29
          }
        },
        "loc": {
          "start": {
            "line": 6,
            "column": 46
          },
          "end": {
            "line": 41,
            "column": 1
          }
        },
        "line": 6
      },
      "1": {
        "name": "(anonymous_1)",
        "decl": {
          "start": {
            "line": 16,
            "column": 12
          },
          "end": {
            "line": 16,
            "column": 13
          }
        },
        "loc": {
          "start": {
            "line": 16,
            "column": 18
          },
          "end": {
            "line": 22,
            "column": 3
          }
        },
        "line": 16
      },
      "2": {
        "name": "(anonymous_2)",
        "decl": {
          "start": {
            "line": 17,
            "column": 38
          },
          "end": {
            "line": 17,
            "column": 39
          }
        },
        "loc": {
          "start": {
            "line": 17,
            "column": 51
          },
          "end": {
            "line": 19,
            "column": 5
          }
        },
        "line": 17
      },
      "3": {
        "name": "(anonymous_3)",
        "decl": {
          "start": {
            "line": 43,
            "column": 31
          },
          "end": {
            "line": 43,
            "column": 32
          }
        },
        "loc": {
          "start": {
            "line": 43,
            "column": 37
          },
          "end": {
            "line": 43,
            "column": 56
          }
        },
        "line": 43
      }
    },
    "branchMap": {},
    "s": {
      "0": 4,
      "1": 4,
      "2": 14,
      "3": 14,
      "4": 14,
      "5": 14,
      "6": 14,
      "7": 14,
      "8": 4,
      "9": 28,
      "10": 4,
      "11": 4,
      "12": 14,
      "13": 4,
      "14": 0
    },
    "f": {
      "0": 14,
      "1": 4,
      "2": 28,
      "3": 0
    },
    "b": {},
    "_coverageSchema": "1a1c01bbd47fc00a2c39e90264f33305004495a9",
    "hash": "89593c43d076ab4ed89f612c665388c9acddc97f"
  },
  "C:\\Users\\paulh\\OneDrive\\Escritorio\\Infor\\cuarto\\stw\\flytrax\\flytrax-frontend\\flytrax\\components\\SearchBar.jsx": {
    "path": "C:\\Users\\paulh\\OneDrive\\Escritorio\\Infor\\cuarto\\stw\\flytrax\\flytrax-frontend\\flytrax\\components\\SearchBar.jsx",
    "statementMap": {
      "0": {
        "start": {
          "line": 12,
          "column": 34
        },
        "end": {
          "line": 12,
          "column": 59
        }
      },
      "1": {
        "start": {
          "line": 13,
          "column": 28
        },
        "end": {
          "line": 13,
          "column": 40
        }
      },
      "2": {
        "start": {
          "line": 17,
          "column": 4
        },
        "end": {
          "line": 24,
          "column": 9
        }
      },
      "3": {
        "start": {
          "line": 20,
          "column": 10
        },
        "end": {
          "line": 23,
          "column": 62
        }
      },
      "4": {
        "start": {
          "line": 28,
          "column": 2
        },
        "end": {
          "line": 93,
          "column": 3
        }
      },
      "5": {
        "start": {
          "line": 35,
          "column": 41
        },
        "end": {
          "line": 35,
          "column": 53
        }
      },
      "6": {
        "start": {
          "line": 36,
          "column": 35
        },
        "end": {
          "line": 36,
          "column": 63
        }
      },
      "7": {
        "start": {
          "line": 47,
          "column": 30
        },
        "end": {
          "line": 47,
          "column": 42
        }
      },
      "8": {
        "start": {
          "line": 56,
          "column": 18
        },
        "end": {
          "line": 85,
          "column": 36
        }
      },
      "9": {
        "start": {
          "line": 59,
          "column": 22
        },
        "end": {
          "line": 61,
          "column": 24
        }
      },
      "10": {
        "start": {
          "line": 66,
          "column": 22
        },
        "end": {
          "line": 83,
          "column": 25
        }
      }
    },
    "fnMap": {
      "0": {
        "name": "SearchBar",
        "decl": {
          "start": {
            "line": 10,
            "column": 24
          },
          "end": {
            "line": 10,
            "column": 33
          }
        },
        "loc": {
          "start": {
            "line": 10,
            "column": 36
          },
          "end": {
            "line": 94,
            "column": 1
          }
        },
        "line": 10
      },
      "1": {
        "name": "(anonymous_1)",
        "decl": {
          "start": {
            "line": 19,
            "column": 28
          },
          "end": {
            "line": 19,
            "column": 29
          }
        },
        "loc": {
          "start": {
            "line": 20,
            "column": 10
          },
          "end": {
            "line": 23,
            "column": 62
          }
        },
        "line": 20
      },
      "2": {
        "name": "(anonymous_2)",
        "decl": {
          "start": {
            "line": 35,
            "column": 28
          },
          "end": {
            "line": 35,
            "column": 29
          }
        },
        "loc": {
          "start": {
            "line": 35,
            "column": 41
          },
          "end": {
            "line": 35,
            "column": 53
          }
        },
        "line": 35
      },
      "3": {
        "name": "(anonymous_3)",
        "decl": {
          "start": {
            "line": 36,
            "column": 24
          },
          "end": {
            "line": 36,
            "column": 25
          }
        },
        "loc": {
          "start": {
            "line": 36,
            "column": 35
          },
          "end": {
            "line": 36,
            "column": 63
          }
        },
        "line": 36
      },
      "4": {
        "name": "(anonymous_4)",
        "decl": {
          "start": {
            "line": 47,
            "column": 24
          },
          "end": {
            "line": 47,
            "column": 25
          }
        },
        "loc": {
          "start": {
            "line": 47,
            "column": 30
          },
          "end": {
            "line": 47,
            "column": 42
          }
        },
        "line": 47
      },
      "5": {
        "name": "(anonymous_5)",
        "decl": {
          "start": {
            "line": 55,
            "column": 36
          },
          "end": {
            "line": 55,
            "column": 37
          }
        },
        "loc": {
          "start": {
            "line": 56,
            "column": 18
          },
          "end": {
            "line": 85,
            "column": 36
          }
        },
        "line": 56
      },
      "6": {
        "name": "(anonymous_6)",
        "decl": {
          "start": {
            "line": 58,
            "column": 31
          },
          "end": {
            "line": 58,
            "column": 32
          }
        },
        "loc": {
          "start": {
            "line": 59,
            "column": 22
          },
          "end": {
            "line": 61,
            "column": 24
          }
        },
        "line": 59
      },
      "7": {
        "name": "(anonymous_7)",
        "decl": {
          "start": {
            "line": 65,
            "column": 21
          },
          "end": {
            "line": 65,
            "column": 22
          }
        },
        "loc": {
          "start": {
            "line": 66,
            "column": 22
          },
          "end": {
            "line": 83,
            "column": 25
          }
        },
        "line": 66
      }
    },
    "branchMap": {
      "0": {
        "loc": {
          "start": {
            "line": 17,
            "column": 4
          },
          "end": {
            "line": 24,
            "column": 9
          }
        },
        "type": "cond-expr",
        "locations": [
          {
            "start": {
              "line": 18,
              "column": 8
            },
            "end": {
              "line": 18,
              "column": 20
            }
          },
          {
            "start": {
              "line": 19,
              "column": 8
            },
            "end": {
              "line": 24,
              "column": 9
            }
          }
        ],
        "line": 17
      },
      "1": {
        "loc": {
          "start": {
            "line": 50,
            "column": 15
          },
          "end": {
            "line": 87,
            "column": 15
          }
        },
        "type": "cond-expr",
        "locations": [
          {
            "start": {
              "line": 51,
              "column": 16
            },
            "end": {
              "line": 53,
              "column": 22
            }
          },
          {
            "start": {
              "line": 55,
              "column": 16
            },
            "end": {
              "line": 86,
              "column": 18
            }
          }
        ],
        "line": 50
      },
      "2": {
        "loc": {
          "start": {
            "line": 50,
            "column": 15
          },
          "end": {
            "line": 50,
            "column": 59
          }
        },
        "type": "binary-expr",
        "locations": [
          {
            "start": {
              "line": 50,
              "column": 15
            },
            "end": {
              "line": 50,
              "column": 43
            }
          },
          {
            "start": {
              "line": 50,
              "column": 47
            },
            "end": {
              "line": 50,
              "column": 59
            }
          }
        ],
        "line": 50
      },
      "3": {
        "loc": {
          "start": {
            "line": 60,
            "column": 24
          },
          "end": {
            "line": 60,
            "column": 75
          }
        },
        "type": "cond-expr",
        "locations": [
          {
            "start": {
              "line": 60,
              "column": 33
            },
            "end": {
              "line": 60,
              "column": 57
            }
          },
          {
            "start": {
              "line": 60,
              "column": 60
            },
            "end": {
              "line": 60,
              "column": 75
            }
          }
        ],
        "line": 60
      },
      "4": {
        "loc": {
          "start": {
            "line": 69,
            "column": 28
          },
          "end": {
            "line": 69,
            "column": 68
          }
        },
        "type": "cond-expr",
        "locations": [
          {
            "start": {
              "line": 69,
              "column": 39
            },
            "end": {
              "line": 69,
              "column": 52
            }
          },
          {
            "start": {
              "line": 69,
              "column": 55
            },
            "end": {
              "line": 69,
              "column": 68
            }
          }
        ],
        "line": 69
      },
      "5": {
        "loc": {
          "start": {
            "line": 74,
            "column": 25
          },
          "end": {
            "line": 82,
            "column": 32
          }
        },
        "type": "cond-expr",
        "locations": [
          {
            "start": {
              "line": 75,
              "column": 26
            },
            "end": {
              "line": 81,
              "column": 33
            }
          },
          {
            "start": {
              "line": 82,
              "column": 28
            },
            "end": {
              "line": 82,
              "column": 32
            }
          }
        ],
        "line": 74
      },
      "6": {
        "loc": {
          "start": {
            "line": 77,
            "column": 30
          },
          "end": {
            "line": 77,
            "column": 69
          }
        },
        "type": "cond-expr",
        "locations": [
          {
            "start": {
              "line": 77,
              "column": 39
            },
            "end": {
              "line": 77,
              "column": 51
            }
          },
          {
            "start": {
              "line": 77,
              "column": 54
            },
            "end": {
              "line": 77,
              "column": 69
            }
          }
        ],
        "line": 77
      }
    },
    "s": {
      "0": 0,
      "1": 0,
      "2": 0,
      "3": 0,
      "4": 0,
      "5": 0,
      "6": 0,
      "7": 0,
      "8": 0,
      "9": 0,
      "10": 0
    },
    "f": {
      "0": 0,
      "1": 0,
      "2": 0,
      "3": 0,
      "4": 0,
      "5": 0,
      "6": 0,
      "7": 0
    },
    "b": {
      "0": [
        0,
        0
      ],
      "1": [
        0,
        0
      ],
      "2": [
        0,
        0
      ],
      "3": [
        0,
        0
      ],
      "4": [
        0,
        0
      ],
      "5": [
        0,
        0
      ],
      "6": [
        0,
        0
      ]
    },
    "_coverageSchema": "1a1c01bbd47fc00a2c39e90264f33305004495a9",
    "hash": "57da57316eacacf615cd2fdf88ee48425a46a9c8"
  },
  "C:\\Users\\paulh\\OneDrive\\Escritorio\\Infor\\cuarto\\stw\\flytrax\\flytrax-frontend\\flytrax\\components\\SearchSection.jsx": {
    "path": "C:\\Users\\paulh\\OneDrive\\Escritorio\\Infor\\cuarto\\stw\\flytrax\\flytrax-frontend\\flytrax\\components\\SearchSection.jsx",
    "statementMap": {
      "0": {
        "start": {
          "line": 14,
          "column": 22
        },
        "end": {
          "line": 70,
          "column": 1
        }
      },
      "1": {
        "start": {
          "line": 15,
          "column": 30
        },
        "end": {
          "line": 15,
          "column": 45
        }
      },
      "2": {
        "start": {
          "line": 16,
          "column": 55
        },
        "end": {
          "line": 16,
          "column": 72
        }
      },
      "3": {
        "start": {
          "line": 18,
          "column": 2
        },
        "end": {
          "line": 69,
          "column": 4
        }
      },
      "4": {
        "start": {
          "line": 26,
          "column": 25
        },
        "end": {
          "line": 26,
          "column": 43
        }
      },
      "5": {
        "start": {
          "line": 46,
          "column": 12
        },
        "end": {
          "line": 55,
          "column": 14
        }
      },
      "6": {
        "start": {
          "line": 48,
          "column": 31
        },
        "end": {
          "line": 48,
          "column": 50
        }
      }
    },
    "fnMap": {
      "0": {
        "name": "(anonymous_0)",
        "decl": {
          "start": {
            "line": 14,
            "column": 22
          },
          "end": {
            "line": 14,
            "column": 23
          }
        },
        "loc": {
          "start": {
            "line": 14,
            "column": 28
          },
          "end": {
            "line": 70,
            "column": 1
          }
        },
        "line": 14
      },
      "1": {
        "name": "(anonymous_1)",
        "decl": {
          "start": {
            "line": 26,
            "column": 19
          },
          "end": {
            "line": 26,
            "column": 20
          }
        },
        "loc": {
          "start": {
            "line": 26,
            "column": 25
          },
          "end": {
            "line": 26,
            "column": 43
          }
        },
        "line": 26
      },
      "2": {
        "name": "(anonymous_2)",
        "decl": {
          "start": {
            "line": 45,
            "column": 25
          },
          "end": {
            "line": 45,
            "column": 26
          }
        },
        "loc": {
          "start": {
            "line": 45,
            "column": 45
          },
          "end": {
            "line": 56,
            "column": 11
          }
        },
        "line": 45
      },
      "3": {
        "name": "(anonymous_3)",
        "decl": {
          "start": {
            "line": 48,
            "column": 25
          },
          "end": {
            "line": 48,
            "column": 26
          }
        },
        "loc": {
          "start": {
            "line": 48,
            "column": 31
          },
          "end": {
            "line": 48,
            "column": 50
          }
        },
        "line": 48
      }
    },
    "branchMap": {
      "0": {
        "loc": {
          "start": {
            "line": 36,
            "column": 11
          },
          "end": {
            "line": 40,
            "column": 11
          }
        },
        "type": "cond-expr",
        "locations": [
          {
            "start": {
              "line": 37,
              "column": 12
            },
            "end": {
              "line": 37,
              "column": 72
            }
          },
          {
            "start": {
              "line": 39,
              "column": 12
            },
            "end": {
              "line": 39,
              "column": 70
            }
          }
        ],
        "line": 36
      }
    },
    "s": {
      "0": 4,
      "1": 0,
      "2": 0,
      "3": 0,
      "4": 0,
      "5": 0,
      "6": 0
    },
    "f": {
      "0": 0,
      "1": 0,
      "2": 0,
      "3": 0
    },
    "b": {
      "0": [
        0,
        0
      ]
    },
    "_coverageSchema": "1a1c01bbd47fc00a2c39e90264f33305004495a9",
    "hash": "9a2ee7631859a907694a3b364fcc60c41ae9462a"
  },
  "C:\\Users\\paulh\\OneDrive\\Escritorio\\Infor\\cuarto\\stw\\flytrax\\flytrax-frontend\\flytrax\\components\\foro\\ForoForm.jsx": {
    "path": "C:\\Users\\paulh\\OneDrive\\Escritorio\\Infor\\cuarto\\stw\\flytrax\\flytrax-frontend\\flytrax\\components\\foro\\ForoForm.jsx",
    "statementMap": {
      "0": {
        "start": {
          "line": 6,
          "column": 17
        },
        "end": {
          "line": 61,
          "column": 1
        }
      },
      "1": {
        "start": {
          "line": 8,
          "column": 29
        },
        "end": {
          "line": 8,
          "column": 41
        }
      },
      "2": {
        "start": {
          "line": 9,
          "column": 38
        },
        "end": {
          "line": 9,
          "column": 53
        }
      },
      "3": {
        "start": {
          "line": 11,
          "column": 42
        },
        "end": {
          "line": 11,
          "column": 57
        }
      },
      "4": {
        "start": {
          "line": 14,
          "column": 21
        },
        "end": {
          "line": 17,
          "column": 5
        }
      },
      "5": {
        "start": {
          "line": 15,
          "column": 8
        },
        "end": {
          "line": 15,
          "column": 26
        }
      },
      "6": {
        "start": {
          "line": 16,
          "column": 8
        },
        "end": {
          "line": 16,
          "column": 33
        }
      },
      "7": {
        "start": {
          "line": 19,
          "column": 24
        },
        "end": {
          "line": 21,
          "column": 5
        }
      },
      "8": {
        "start": {
          "line": 20,
          "column": 8
        },
        "end": {
          "line": 20,
          "column": 28
        }
      },
      "9": {
        "start": {
          "line": 23,
          "column": 4
        },
        "end": {
          "line": 60,
          "column": 5
        }
      },
      "10": {
        "start": {
          "line": 33,
          "column": 45
        },
        "end": {
          "line": 33,
          "column": 69
        }
      }
    },
    "fnMap": {
      "0": {
        "name": "(anonymous_0)",
        "decl": {
          "start": {
            "line": 6,
            "column": 17
          },
          "end": {
            "line": 6,
            "column": 18
          }
        },
        "loc": {
          "start": {
            "line": 6,
            "column": 23
          },
          "end": {
            "line": 61,
            "column": 1
          }
        },
        "line": 6
      },
      "1": {
        "name": "(anonymous_1)",
        "decl": {
          "start": {
            "line": 14,
            "column": 21
          },
          "end": {
            "line": 14,
            "column": 22
          }
        },
        "loc": {
          "start": {
            "line": 14,
            "column": 27
          },
          "end": {
            "line": 17,
            "column": 5
          }
        },
        "line": 14
      },
      "2": {
        "name": "(anonymous_2)",
        "decl": {
          "start": {
            "line": 19,
            "column": 24
          },
          "end": {
            "line": 19,
            "column": 25
          }
        },
        "loc": {
          "start": {
            "line": 19,
            "column": 30
          },
          "end": {
            "line": 21,
            "column": 5
          }
        },
        "line": 19
      },
      "3": {
        "name": "(anonymous_3)",
        "decl": {
          "start": {
            "line": 33,
            "column": 38
          },
          "end": {
            "line": 33,
            "column": 39
          }
        },
        "loc": {
          "start": {
            "line": 33,
            "column": 45
          },
          "end": {
            "line": 33,
            "column": 69
          }
        },
        "line": 33
      }
    },
    "branchMap": {
      "0": {
        "loc": {
          "start": {
            "line": 25,
            "column": 14
          },
          "end": {
            "line": 58,
            "column": 13
          }
        },
        "type": "cond-expr",
        "locations": [
          {
            "start": {
              "line": 26,
              "column": 16
            },
            "end": {
              "line": 49,
              "column": 22
            }
          },
          {
            "start": {
              "line": 51,
              "column": 16
            },
            "end": {
              "line": 57,
              "column": 22
            }
          }
        ],
        "line": 25
      }
    },
    "s": {
      "0": 4,
      "1": 0,
      "2": 0,
      "3": 0,
      "4": 0,
      "5": 0,
      "6": 0,
      "7": 0,
      "8": 0,
      "9": 0,
      "10": 0
    },
    "f": {
      "0": 0,
      "1": 0,
      "2": 0,
      "3": 0
    },
    "b": {
      "0": [
        0,
        0
      ]
    },
    "_coverageSchema": "1a1c01bbd47fc00a2c39e90264f33305004495a9",
    "hash": "26fdc776845396a2dcb4a0cefcd8287f52b7399d"
  },
  "C:\\Users\\paulh\\OneDrive\\Escritorio\\Infor\\cuarto\\stw\\flytrax\\flytrax-frontend\\flytrax\\components\\foro\\ForoItem.jsx": {
    "path": "C:\\Users\\paulh\\OneDrive\\Escritorio\\Infor\\cuarto\\stw\\flytrax\\flytrax-frontend\\flytrax\\components\\foro\\ForoItem.jsx",
    "statementMap": {
      "0": {
        "start": {
          "line": 7,
          "column": 17
        },
        "end": {
          "line": 38,
          "column": 1
        }
      },
      "1": {
        "start": {
          "line": 9,
          "column": 17
        },
        "end": {
          "line": 9,
          "column": 28
        }
      },
      "2": {
        "start": {
          "line": 11,
          "column": 19
        },
        "end": {
          "line": 13,
          "column": 23
        }
      },
      "3": {
        "start": {
          "line": 12,
          "column": 4
        },
        "end": {
          "line": 12,
          "column": 47
        }
      },
      "4": {
        "start": {
          "line": 16,
          "column": 2
        },
        "end": {
          "line": 37,
          "column": 3
        }
      }
    },
    "fnMap": {
      "0": {
        "name": "(anonymous_0)",
        "decl": {
          "start": {
            "line": 7,
            "column": 17
          },
          "end": {
            "line": 7,
            "column": 18
          }
        },
        "loc": {
          "start": {
            "line": 7,
            "column": 31
          },
          "end": {
            "line": 38,
            "column": 1
          }
        },
        "line": 7
      },
      "1": {
        "name": "(anonymous_1)",
        "decl": {
          "start": {
            "line": 11,
            "column": 31
          },
          "end": {
            "line": 11,
            "column": 32
          }
        },
        "loc": {
          "start": {
            "line": 11,
            "column": 37
          },
          "end": {
            "line": 13,
            "column": 3
          }
        },
        "line": 11
      }
    },
    "branchMap": {
      "0": {
        "loc": {
          "start": {
            "line": 31,
            "column": 19
          },
          "end": {
            "line": 31,
            "column": 45
          }
        },
        "type": "binary-expr",
        "locations": [
          {
            "start": {
              "line": 31,
              "column": 19
            },
            "end": {
              "line": 31,
              "column": 40
            }
          },
          {
            "start": {
              "line": 31,
              "column": 44
            },
            "end": {
              "line": 31,
              "column": 45
            }
          }
        ],
        "line": 31
      }
    },
    "s": {
      "0": 4,
      "1": 0,
      "2": 0,
      "3": 0,
      "4": 0
    },
    "f": {
      "0": 0,
      "1": 0
    },
    "b": {
      "0": [
        0,
        0
      ]
    },
    "_coverageSchema": "1a1c01bbd47fc00a2c39e90264f33305004495a9",
    "hash": "778685d4f5870aba51718864157fd63858bb6f52"
  },
  "C:\\Users\\paulh\\OneDrive\\Escritorio\\Infor\\cuarto\\stw\\flytrax\\flytrax-frontend\\flytrax\\components\\foro\\ForoFeed.jsx": {
    "path": "C:\\Users\\paulh\\OneDrive\\Escritorio\\Infor\\cuarto\\stw\\flytrax\\flytrax-frontend\\flytrax\\components\\foro\\ForoFeed.jsx",
    "statementMap": {
      "0": {
        "start": {
          "line": 5,
          "column": 17
        },
        "end": {
          "line": 20,
          "column": 1
        }
      },
      "1": {
        "start": {
          "line": 7,
          "column": 17
        },
        "end": {
          "line": 7,
          "column": 18
        }
      },
      "2": {
        "start": {
          "line": 9,
          "column": 2
        },
        "end": {
          "line": 19,
          "column": 3
        }
      },
      "3": {
        "start": {
          "line": 12,
          "column": 8
        },
        "end": {
          "line": 16,
          "column": 10
        }
      }
    },
    "fnMap": {
      "0": {
        "name": "(anonymous_0)",
        "decl": {
          "start": {
            "line": 5,
            "column": 17
          },
          "end": {
            "line": 5,
            "column": 18
          }
        },
        "loc": {
          "start": {
            "line": 5,
            "column": 23
          },
          "end": {
            "line": 20,
            "column": 1
          }
        },
        "line": 5
      },
      "1": {
        "name": "(anonymous_1)",
        "decl": {
          "start": {
            "line": 11,
            "column": 20
          },
          "end": {
            "line": 11,
            "column": 21
          }
        },
        "loc": {
          "start": {
            "line": 12,
            "column": 8
          },
          "end": {
            "line": 16,
            "column": 10
          }
        },
        "line": 12
      }
    },
    "branchMap": {},
    "s": {
      "0": 4,
      "1": 0,
      "2": 0,
      "3": 0
    },
    "f": {
      "0": 0,
      "1": 0
    },
    "b": {},
    "_coverageSchema": "1a1c01bbd47fc00a2c39e90264f33305004495a9",
    "hash": "734658eb00672d1fd4e0558f6de580176cb5aa7e"
  },
  "C:\\Users\\paulh\\OneDrive\\Escritorio\\Infor\\cuarto\\stw\\flytrax\\flytrax-frontend\\flytrax\\components\\foro\\comments\\CommentItem.jsx": {
    "path": "C:\\Users\\paulh\\OneDrive\\Escritorio\\Infor\\cuarto\\stw\\flytrax\\flytrax-frontend\\flytrax\\components\\foro\\comments\\CommentItem.jsx",
    "statementMap": {
      "0": {
        "start": {
          "line": 7,
          "column": 20
        },
        "end": {
          "line": 27,
          "column": 1
        }
      },
      "1": {
        "start": {
          "line": 9,
          "column": 17
        },
        "end": {
          "line": 9,
          "column": 28
        }
      },
      "2": {
        "start": {
          "line": 11,
          "column": 2
        },
        "end": {
          "line": 26,
          "column": 3
        }
      }
    },
    "fnMap": {
      "0": {
        "name": "(anonymous_0)",
        "decl": {
          "start": {
            "line": 7,
            "column": 20
          },
          "end": {
            "line": 7,
            "column": 21
          }
        },
        "loc": {
          "start": {
            "line": 7,
            "column": 34
          },
          "end": {
            "line": 27,
            "column": 1
          }
        },
        "line": 7
      }
    },
    "branchMap": {},
    "s": {
      "0": 4,
      "1": 0,
      "2": 0
    },
    "f": {
      "0": 0
    },
    "b": {},
    "_coverageSchema": "1a1c01bbd47fc00a2c39e90264f33305004495a9",
    "hash": "35248bac4f14556bfa25c99134f525956af6501f"
  },
  "C:\\Users\\paulh\\OneDrive\\Escritorio\\Infor\\cuarto\\stw\\flytrax\\flytrax-frontend\\flytrax\\components\\foro\\comments\\CommentFeed.jsx": {
    "path": "C:\\Users\\paulh\\OneDrive\\Escritorio\\Infor\\cuarto\\stw\\flytrax\\flytrax-frontend\\flytrax\\components\\foro\\comments\\CommentFeed.jsx",
    "statementMap": {
      "0": {
        "start": {
          "line": 4,
          "column": 20
        },
        "end": {
          "line": 16,
          "column": 1
        }
      },
      "1": {
        "start": {
          "line": 6,
          "column": 2
        },
        "end": {
          "line": 15,
          "column": 3
        }
      },
      "2": {
        "start": {
          "line": 9,
          "column": 8
        },
        "end": {
          "line": 12,
          "column": 10
        }
      }
    },
    "fnMap": {
      "0": {
        "name": "(anonymous_0)",
        "decl": {
          "start": {
            "line": 4,
            "column": 20
          },
          "end": {
            "line": 4,
            "column": 21
          }
        },
        "loc": {
          "start": {
            "line": 4,
            "column": 38
          },
          "end": {
            "line": 16,
            "column": 1
          }
        },
        "line": 4
      },
      "1": {
        "name": "(anonymous_1)",
        "decl": {
          "start": {
            "line": 8,
            "column": 20
          },
          "end": {
            "line": 8,
            "column": 21
          }
        },
        "loc": {
          "start": {
            "line": 9,
            "column": 8
          },
          "end": {
            "line": 12,
            "column": 10
          }
        },
        "line": 9
      }
    },
    "branchMap": {},
    "s": {
      "0": 4,
      "1": 0,
      "2": 0
    },
    "f": {
      "0": 0,
      "1": 0
    },
    "b": {},
    "_coverageSchema": "1a1c01bbd47fc00a2c39e90264f33305004495a9",
    "hash": "44fd426a6cdebb85bd3832f69b07338c9beac23d"
  },
  "C:\\Users\\paulh\\OneDrive\\Escritorio\\Infor\\cuarto\\stw\\flytrax\\flytrax-frontend\\flytrax\\components\\admin\\Sidebar.jsx": {
    "path": "C:\\Users\\paulh\\OneDrive\\Escritorio\\Infor\\cuarto\\stw\\flytrax\\flytrax-frontend\\flytrax\\components\\admin\\Sidebar.jsx",
    "statementMap": {
      "0": {
        "start": {
          "line": 14,
          "column": 17
        },
        "end": {
          "line": 43,
          "column": 1
        }
      },
      "1": {
        "start": {
          "line": 45,
          "column": 16
        },
        "end": {
          "line": 141,
          "column": 1
        }
      },
      "2": {
        "start": {
          "line": 47,
          "column": 32
        },
        "end": {
          "line": 47,
          "column": 44
        }
      },
      "3": {
        "start": {
          "line": 48,
          "column": 19
        },
        "end": {
          "line": 48,
          "column": 30
        }
      },
      "4": {
        "start": {
          "line": 50,
          "column": 30
        },
        "end": {
          "line": 52,
          "column": 6
        }
      },
      "5": {
        "start": {
          "line": 54,
          "column": 21
        },
        "end": {
          "line": 56,
          "column": 5
        }
      },
      "6": {
        "start": {
          "line": 55,
          "column": 8
        },
        "end": {
          "line": 55,
          "column": 37
        }
      },
      "7": {
        "start": {
          "line": 58,
          "column": 25
        },
        "end": {
          "line": 69,
          "column": 5
        }
      },
      "8": {
        "start": {
          "line": 58,
          "column": 43
        },
        "end": {
          "line": 69,
          "column": 5
        }
      },
      "9": {
        "start": {
          "line": 59,
          "column": 8
        },
        "end": {
          "line": 66,
          "column": 9
        }
      },
      "10": {
        "start": {
          "line": 65,
          "column": 12
        },
        "end": {
          "line": 65,
          "column": 19
        }
      },
      "11": {
        "start": {
          "line": 68,
          "column": 8
        },
        "end": {
          "line": 68,
          "column": 47
        }
      },
      "12": {
        "start": {
          "line": 71,
          "column": 17
        },
        "end": {
          "line": 110,
          "column": 7
        }
      },
      "13": {
        "start": {
          "line": 73,
          "column": 8
        },
        "end": {
          "line": 108,
          "column": 15
        }
      },
      "14": {
        "start": {
          "line": 75,
          "column": 16
        },
        "end": {
          "line": 81,
          "column": 17
        }
      },
      "15": {
        "start": {
          "line": 76,
          "column": 20
        },
        "end": {
          "line": 80,
          "column": 22
        }
      },
      "16": {
        "start": {
          "line": 83,
          "column": 31
        },
        "end": {
          "line": 83,
          "column": 49
        }
      },
      "17": {
        "start": {
          "line": 85,
          "column": 16
        },
        "end": {
          "line": 106,
          "column": 18
        }
      },
      "18": {
        "start": {
          "line": 89,
          "column": 28
        },
        "end": {
          "line": 89,
          "column": 49
        }
      },
      "19": {
        "start": {
          "line": 90,
          "column": 28
        },
        "end": {
          "line": 90,
          "column": 46
        }
      },
      "20": {
        "start": {
          "line": 112,
          "column": 4
        },
        "end": {
          "line": 140,
          "column": 6
        }
      },
      "21": {
        "start": {
          "line": 116,
          "column": 16
        },
        "end": {
          "line": 136,
          "column": 33
        }
      }
    },
    "fnMap": {
      "0": {
        "name": "(anonymous_0)",
        "decl": {
          "start": {
            "line": 45,
            "column": 16
          },
          "end": {
            "line": 45,
            "column": 17
          }
        },
        "loc": {
          "start": {
            "line": 45,
            "column": 57
          },
          "end": {
            "line": 141,
            "column": 1
          }
        },
        "line": 45
      },
      "1": {
        "name": "(anonymous_1)",
        "decl": {
          "start": {
            "line": 54,
            "column": 21
          },
          "end": {
            "line": 54,
            "column": 22
          }
        },
        "loc": {
          "start": {
            "line": 54,
            "column": 31
          },
          "end": {
            "line": 56,
            "column": 5
          }
        },
        "line": 54
      },
      "2": {
        "name": "(anonymous_2)",
        "decl": {
          "start": {
            "line": 58,
            "column": 25
          },
          "end": {
            "line": 58,
            "column": 26
          }
        },
        "loc": {
          "start": {
            "line": 58,
            "column": 43
          },
          "end": {
            "line": 69,
            "column": 5
          }
        },
        "line": 58
      },
      "3": {
        "name": "(anonymous_3)",
        "decl": {
          "start": {
            "line": 58,
            "column": 43
          },
          "end": {
            "line": 58,
            "column": 44
          }
        },
        "loc": {
          "start": {
            "line": 58,
            "column": 54
          },
          "end": {
            "line": 69,
            "column": 5
          }
        },
        "line": 58
      },
      "4": {
        "name": "(anonymous_4)",
        "decl": {
          "start": {
            "line": 71,
            "column": 17
          },
          "end": {
            "line": 71,
            "column": 18
          }
        },
        "loc": {
          "start": {
            "line": 73,
            "column": 8
          },
          "end": {
            "line": 108,
            "column": 15
          }
        },
        "line": 73
      },
      "5": {
        "name": "(anonymous_5)",
        "decl": {
          "start": {
            "line": 74,
            "column": 26
          },
          "end": {
            "line": 74,
            "column": 27
          }
        },
        "loc": {
          "start": {
            "line": 74,
            "column": 46
          },
          "end": {
            "line": 107,
            "column": 13
          }
        },
        "line": 74
      },
      "6": {
        "name": "(anonymous_6)",
        "decl": {
          "start": {
            "line": 88,
            "column": 33
          },
          "end": {
            "line": 88,
            "column": 34
          }
        },
        "loc": {
          "start": {
            "line": 88,
            "column": 39
          },
          "end": {
            "line": 91,
            "column": 25
          }
        },
        "line": 88
      },
      "7": {
        "name": "(anonymous_7)",
        "decl": {
          "start": {
            "line": 115,
            "column": 28
          },
          "end": {
            "line": 115,
            "column": 29
          }
        },
        "loc": {
          "start": {
            "line": 116,
            "column": 16
          },
          "end": {
            "line": 136,
            "column": 33
          }
        },
        "line": 116
      }
    },
    "branchMap": {
      "0": {
        "loc": {
          "start": {
            "line": 59,
            "column": 8
          },
          "end": {
            "line": 66,
            "column": 9
          }
        },
        "type": "if",
        "locations": [
          {
            "start": {
              "line": 59,
              "column": 8
            },
            "end": {
              "line": 66,
              "column": 9
            }
          },
          {
            "start": {},
            "end": {}
          }
        ],
        "line": 59
      },
      "1": {
        "loc": {
          "start": {
            "line": 60,
            "column": 12
          },
          "end": {
            "line": 63,
            "column": 36
          }
        },
        "type": "binary-expr",
        "locations": [
          {
            "start": {
              "line": 60,
              "column": 12
            },
            "end": {
              "line": 60,
              "column": 17
            }
          },
          {
            "start": {
              "line": 61,
              "column": 12
            },
            "end": {
              "line": 61,
              "column": 36
            }
          },
          {
            "start": {
              "line": 62,
              "column": 13
            },
            "end": {
              "line": 62,
              "column": 34
            }
          },
          {
            "start": {
              "line": 63,
              "column": 12
            },
            "end": {
              "line": 63,
              "column": 35
            }
          }
        ],
        "line": 60
      },
      "2": {
        "loc": {
          "start": {
            "line": 75,
            "column": 16
          },
          "end": {
            "line": 81,
            "column": 17
          }
        },
        "type": "if",
        "locations": [
          {
            "start": {
              "line": 75,
              "column": 16
            },
            "end": {
              "line": 81,
              "column": 17
            }
          },
          {
            "start": {},
            "end": {}
          }
        ],
        "line": 75
      },
      "3": {
        "loc": {
          "start": {
            "line": 101,
            "column": 25
          },
          "end": {
            "line": 103,
            "column": 25
          }
        },
        "type": "binary-expr",
        "locations": [
          {
            "start": {
              "line": 101,
              "column": 25
            },
            "end": {
              "line": 101,
              "column": 42
            }
          },
          {
            "start": {
              "line": 102,
              "column": 28
            },
            "end": {
              "line": 102,
              "column": 72
            }
          }
        ],
        "line": 101
      }
    },
    "s": {
      "0": 4,
      "1": 4,
      "2": 0,
      "3": 0,
      "4": 0,
      "5": 0,
      "6": 0,
      "7": 0,
      "8": 0,
      "9": 0,
      "10": 0,
      "11": 0,
      "12": 0,
      "13": 0,
      "14": 0,
      "15": 0,
      "16": 0,
      "17": 0,
      "18": 0,
      "19": 0,
      "20": 0,
      "21": 0
    },
    "f": {
      "0": 0,
      "1": 0,
      "2": 0,
      "3": 0,
      "4": 0,
      "5": 0,
      "6": 0,
      "7": 0
    },
    "b": {
      "0": [
        0,
        0
      ],
      "1": [
        0,
        0,
        0,
        0
      ],
      "2": [
        0,
        0
      ],
      "3": [
        0,
        0
      ]
    },
    "_coverageSchema": "1a1c01bbd47fc00a2c39e90264f33305004495a9",
    "hash": "91a1e6d2b7a8793a6dd4eebd9e3df3cacab03579"
  },
  "C:\\Users\\paulh\\OneDrive\\Escritorio\\Infor\\cuarto\\stw\\flytrax\\flytrax-frontend\\flytrax\\components\\admin\\usuarios\\UsersActions.jsx": {
    "path": "C:\\Users\\paulh\\OneDrive\\Escritorio\\Infor\\cuarto\\stw\\flytrax\\flytrax-frontend\\flytrax\\components\\admin\\usuarios\\UsersActions.jsx",
    "statementMap": {
      "0": {
        "start": {
          "line": 6,
          "column": 21
        },
        "end": {
          "line": 60,
          "column": 1
        }
      },
      "1": {
        "start": {
          "line": 8,
          "column": 34
        },
        "end": {
          "line": 8,
          "column": 49
        }
      },
      "2": {
        "start": {
          "line": 9,
          "column": 34
        },
        "end": {
          "line": 9,
          "column": 49
        }
      },
      "3": {
        "start": {
          "line": 11,
          "column": 25
        },
        "end": {
          "line": 12,
          "column": 5
        }
      },
      "4": {
        "start": {
          "line": 14,
          "column": 4
        },
        "end": {
          "line": 59,
          "column": 5
        }
      }
    },
    "fnMap": {
      "0": {
        "name": "(anonymous_0)",
        "decl": {
          "start": {
            "line": 6,
            "column": 21
          },
          "end": {
            "line": 6,
            "column": 22
          }
        },
        "loc": {
          "start": {
            "line": 6,
            "column": 53
          },
          "end": {
            "line": 60,
            "column": 1
          }
        },
        "line": 6
      },
      "1": {
        "name": "(anonymous_1)",
        "decl": {
          "start": {
            "line": 11,
            "column": 25
          },
          "end": {
            "line": 11,
            "column": 26
          }
        },
        "loc": {
          "start": {
            "line": 11,
            "column": 31
          },
          "end": {
            "line": 12,
            "column": 5
          }
        },
        "line": 11
      }
    },
    "branchMap": {
      "0": {
        "loc": {
          "start": {
            "line": 21,
            "column": 9
          },
          "end": {
            "line": 45,
            "column": 9
          }
        },
        "type": "cond-expr",
        "locations": [
          {
            "start": {
              "line": 22,
              "column": 12
            },
            "end": {
              "line": 32,
              "column": 18
            }
          },
          {
            "start": {
              "line": 34,
              "column": 12
            },
            "end": {
              "line": 44,
              "column": 18
            }
          }
        ],
        "line": 21
      },
      "1": {
        "loc": {
          "start": {
            "line": 40,
            "column": 26
          },
          "end": {
            "line": 40,
            "column": 56
          }
        },
        "type": "binary-expr",
        "locations": [
          {
            "start": {
              "line": 40,
              "column": 26
            },
            "end": {
              "line": 40,
              "column": 45
            }
          },
          {
            "start": {
              "line": 40,
              "column": 49
            },
            "end": {
              "line": 40,
              "column": 56
            }
          }
        ],
        "line": 40
      },
      "2": {
        "loc": {
          "start": {
            "line": 46,
            "column": 9
          },
          "end": {
            "line": 57,
            "column": 9
          }
        },
        "type": "binary-expr",
        "locations": [
          {
            "start": {
              "line": 46,
              "column": 9
            },
            "end": {
              "line": 46,
              "column": 16
            }
          },
          {
            "start": {
              "line": 47,
              "column": 12
            },
            "end": {
              "line": 56,
              "column": 14
            }
          }
        ],
        "line": 46
      }
    },
    "s": {
      "0": 4,
      "1": 0,
      "2": 0,
      "3": 0,
      "4": 0
    },
    "f": {
      "0": 0,
      "1": 0
    },
    "b": {
      "0": [
        0,
        0
      ],
      "1": [
        0,
        0
      ],
      "2": [
        0,
        0
      ]
    },
    "_coverageSchema": "1a1c01bbd47fc00a2c39e90264f33305004495a9",
    "hash": "d95178b18ac3cf1760cbea58e7e406e184752cb4"
  },
  "C:\\Users\\paulh\\OneDrive\\Escritorio\\Infor\\cuarto\\stw\\flytrax\\flytrax-frontend\\flytrax\\components\\admin\\usuarios\\index.jsx": {
    "path": "C:\\Users\\paulh\\OneDrive\\Escritorio\\Infor\\cuarto\\stw\\flytrax\\flytrax-frontend\\flytrax\\components\\admin\\usuarios\\index.jsx",
    "statementMap": {
      "0": {
        "start": {
          "line": 8,
          "column": 14
        },
        "end": {
          "line": 67,
          "column": 1
        }
      },
      "1": {
        "start": {
          "line": 10,
          "column": 36
        },
        "end": {
          "line": 10,
          "column": 47
        }
      },
      "2": {
        "start": {
          "line": 11,
          "column": 30
        },
        "end": {
          "line": 11,
          "column": 44
        }
      },
      "3": {
        "start": {
          "line": 13,
          "column": 20
        },
        "end": {
          "line": 36,
          "column": 5
        }
      },
      "4": {
        "start": {
          "line": 14,
          "column": 14
        },
        "end": {
          "line": 34,
          "column": 9
        }
      },
      "5": {
        "start": {
          "line": 31,
          "column": 20
        },
        "end": {
          "line": 31,
          "column": 69
        }
      },
      "6": {
        "start": {
          "line": 38,
          "column": 4
        },
        "end": {
          "line": 66,
          "column": 5
        }
      },
      "7": {
        "start": {
          "line": 42,
          "column": 35
        },
        "end": {
          "line": 42,
          "column": 42
        }
      },
      "8": {
        "start": {
          "line": 53,
          "column": 44
        },
        "end": {
          "line": 56,
          "column": 17
        }
      },
      "9": {
        "start": {
          "line": 60,
          "column": 24
        },
        "end": {
          "line": 60,
          "column": 78
        }
      }
    },
    "fnMap": {
      "0": {
        "name": "(anonymous_0)",
        "decl": {
          "start": {
            "line": 8,
            "column": 14
          },
          "end": {
            "line": 8,
            "column": 15
          }
        },
        "loc": {
          "start": {
            "line": 8,
            "column": 20
          },
          "end": {
            "line": 67,
            "column": 1
          }
        },
        "line": 8
      },
      "1": {
        "name": "(anonymous_1)",
        "decl": {
          "start": {
            "line": 14,
            "column": 8
          },
          "end": {
            "line": 14,
            "column": 9
          }
        },
        "loc": {
          "start": {
            "line": 14,
            "column": 14
          },
          "end": {
            "line": 34,
            "column": 9
          }
        },
        "line": 14
      },
      "2": {
        "name": "(anonymous_2)",
        "decl": {
          "start": {
            "line": 30,
            "column": 28
          },
          "end": {
            "line": 30,
            "column": 29
          }
        },
        "loc": {
          "start": {
            "line": 31,
            "column": 20
          },
          "end": {
            "line": 31,
            "column": 69
          }
        },
[...]
      "1": 0,
      "2": 0,
      "3": 0,
      "4": 0
    },
    "b": {
      "0": [
        0,
        0
      ],
      "1": [
        0,
        0
      ],
      "2": [
        0,
        0
      ]
    },
    "_coverageSchema": "1a1c01bbd47fc00a2c39e90264f33305004495a9",
    "hash": "c4bdaa14d535ad720b4eacba2d32ed99152e9552"
  },
  "C:\\Users\\paulh\\OneDrive\\Escritorio\\Infor\\cuarto\\stw\\flytrax\\flytrax-frontend\\flytrax\\components\\index.js": {
    "path": "C:\\Users\\paulh\\OneDrive\\Escritorio\\Infor\\cuarto\\stw\\flytrax\\flytrax-frontend\\flytrax\\components\\index.js",
    "statementMap": {},
    "fnMap": {},
    "branchMap": {},
    "s": {},
    "f": {},
    "b": {},
    "_coverageSchema": "1a1c01bbd47fc00a2c39e90264f33305004495a9",
    "hash": "17ad9cb9b4b2da7e78a2cae329193f5a1f69d9de"
  },
  "C:\\Users\\paulh\\OneDrive\\Escritorio\\Infor\\cuarto\\stw\\flytrax\\flytrax-frontend\\flytrax\\pages\\_app.js": {
    "path": "C:\\Users\\paulh\\OneDrive\\Escritorio\\Infor\\cuarto\\stw\\flytrax\\flytrax-frontend\\flytrax\\pages\\_app.js",
    "statementMap": {
      "0": {
        "start": {
          "line": 8,
          "column": 2
        },
        "end": {
          "line": 17,
          "column": 4
        }
      }
    },
    "fnMap": {
      "0": {
        "name": "Flytrax",
        "decl": {
          "start": {
            "line": 7,
            "column": 9
          },
          "end": {
            "line": 7,
            "column": 16
          }
        },
        "loc": {
          "start": {
            "line": 7,
            "column": 43
          },
          "end": {
            "line": 18,
            "column": 1
          }
        },
        "line": 7
      }
    },
    "branchMap": {},
    "s": {
      "0": 10
    },
    "f": {
      "0": 10
    },
    "b": {},
    "_coverageSchema": "1a1c01bbd47fc00a2c39e90264f33305004495a9",
    "hash": "3024a8676b16fa3f039a4ce9b03cda7b231850b4"
  },
  "C:\\Users\\paulh\\OneDrive\\Escritorio\\Infor\\cuarto\\stw\\flytrax\\flytrax-frontend\\flytrax\\pages\\index.jsx": {
    "path": "C:\\Users\\paulh\\OneDrive\\Escritorio\\Infor\\cuarto\\stw\\flytrax\\flytrax-frontend\\flytrax\\pages\\index.jsx",
    "statementMap": {
      "0": {
        "start": {
          "line": 4,
          "column": 13
        },
        "end": {
          "line": 25,
          "column": 1
        }
      },
      "1": {
        "start": {
          "line": 5,
          "column": 2
        },
        "end": {
          "line": 24,
          "column": 4
        }
      }
    },
    "fnMap": {
      "0": {
        "name": "(anonymous_0)",
        "decl": {
          "start": {
            "line": 4,
            "column": 13
          },
          "end": {
            "line": 4,
            "column": 14
          }
        },
        "loc": {
          "start": {
            "line": 4,
            "column": 19
          },
          "end": {
            "line": 25,
            "column": 1
          }
        },
        "line": 4
      }
    },
    "branchMap": {},
    "s": {
      "0": 4,
      "1": 6
    },
    "f": {
      "0": 6
    },
    "b": {},
    "_coverageSchema": "1a1c01bbd47fc00a2c39e90264f33305004495a9",
    "hash": "f3b355edd7c7642b00c285f19c9ac09129a8aea6"
  },
  "C:\\Users\\paulh\\OneDrive\\Escritorio\\Infor\\cuarto\\stw\\flytrax\\flytrax-frontend\\flytrax\\pages\\login\\index.jsx": {
    "path": "C:\\Users\\paulh\\OneDrive\\Escritorio\\Infor\\cuarto\\stw\\flytrax\\flytrax-frontend\\flytrax\\pages\\login\\index.jsx",
    "statementMap": {
      "0": {
        "start": {
          "line": 19,
          "column": 17
        },
        "end": {
          "line": 19,
          "column": 51
        }
      },
      "1": {
        "start": {
          "line": 21,
          "column": 14
        },
        "end": {
          "line": 37,
          "column": 2
        }
      },
      "2": {
        "start": {
          "line": 39,
          "column": 14
        },
        "end": {
          "line": 239,
          "column": 1
        }
      },
      "3": {
        "start": {
          "line": 40,
          "column": 17
        },
        "end": {
          "line": 40,
          "column": 28
        }
      },
      "4": {
        "start": {
          "line": 43,
          "column": 28
        },
        "end": {
          "line": 43,
          "column": 40
        }
      },
      "5": {
        "start": {
          "line": 44,
          "column": 34
        },
        "end": {
          "line": 44,
          "column": 46
        }
      },
      "6": {
        "start": {
          "line": 45,
          "column": 34
        },
        "end": {
          "line": 45,
          "column": 49
        }
      },
      "7": {
        "start": {
          "line": 48,
          "column": 34
        },
        "end": {
          "line": 48,
          "column": 54
        }
      },
      "8": {
        "start": {
          "line": 49,
          "column": 34
        },
        "end": {
          "line": 49,
          "column": 54
        }
      },
      "9": {
        "start": {
          "line": 52,
          "column": 46
        },
        "end": {
          "line": 52,
          "column": 61
        }
      },
      "10": {
        "start": {
          "line": 53,
          "column": 46
        },
        "end": {
          "line": 53,
          "column": 61
        }
      },
      "11": {
        "start": {
          "line": 56,
          "column": 23
        },
        "end": {
          "line": 64,
          "column": 3
        }
      },
      "12": {
        "start": {
          "line": 57,
          "column": 4
        },
        "end": {
          "line": 63,
          "column": 5
        }
      },
      "13": {
        "start": {
          "line": 58,
          "column": 6
        },
        "end": {
          "line": 58,
          "column": 25
        }
      },
      "14": {
        "start": {
          "line": 59,
          "column": 6
        },
        "end": {
          "line": 59,
          "column": 26
        }
      },
      "15": {
        "start": {
          "line": 61,
          "column": 6
        },
        "end": {
          "line": 61,
          "column": 30
        }
      },
      "16": {
        "start": {
          "line": 62,
          "column": 6
        },
        "end": {
          "line": 62,
          "column": 30
        }
      },
      "17": {
        "start": {
          "line": 67,
          "column": 22
        },
        "end": {
          "line": 73,
          "column": 3
        }
      },
      "18": {
        "start": {
          "line": 68,
          "column": 4
        },
        "end": {
          "line": 70,
          "column": 5
        }
      },
      "19": {
        "start": {
          "line": 69,
          "column": 6
        },
        "end": {
          "line": 69,
          "column": 13
        }
      },
      "20": {
        "start": {
          "line": 71,
          "column": 4
        },
        "end": {
          "line": 71,
          "column": 29
        }
      },
      "21": {
        "start": {
          "line": 72,
          "column": 4
        },
        "end": {
          "line": 72,
          "column": 29
        }
      },
      "22": {
        "start": {
          "line": 76,
          "column": 22
        },
        "end": {
          "line": 84,
          "column": 3
        }
      },
      "23": {
        "start": {
          "line": 77,
          "column": 4
        },
        "end": {
          "line": 77,
          "column": 27
        }
      },
      "24": {
        "start": {
          "line": 79,
          "column": 4
        },
        "end": {
          "line": 83,
          "column": 5
        }
      },
      "25": {
        "start": {
          "line": 80,
          "column": 6
        },
        "end": {
          "line": 80,
          "column": 30
        }
      },
      "26": {
        "start": {
          "line": 82,
          "column": 6
        },
        "end": {
          "line": 82,
          "column": 18
        }
      },
      "27": {
        "start": {
          "line": 87,
          "column": 20
        },
        "end": {
          "line": 118,
          "column": 3
        }
      },
      "28": {
        "start": {
          "line": 89,
          "column": 17
        },
        "end": {
          "line": 92,
          "column": 5
        }
      },
      "29": {
        "start": {
          "line": 95,
          "column": 4
        },
        "end": {
          "line": 117,
          "column": 9
        }
      },
      "30": {
        "start": {
          "line": 98,
          "column": 8
        },
        "end": {
          "line": 112,
          "column": 9
        }
      },
      "31": {
        "start": {
          "line": 100,
          "column": 10
        },
        "end": {
          "line": 100,
          "column": 39
        }
      },
      "32": {
        "start": {
          "line": 102,
          "column": 29
        },
        "end": {
          "line": 102,
          "column": 48
        }
      },
      "33": {
        "start": {
          "line": 103,
          "column": 10
        },
        "end": {
          "line": 103,
          "column": 78
        }
      },
      "34": {
        "start": {
          "line": 105,
          "column": 10
        },
        "end": {
          "line": 105,
          "column": 28
        }
      },
      "35": {
        "start": {
          "line": 107,
          "column": 10
        },
        "end": {
          "line": 109,
          "column": 18
        }
      },
      "36": {
        "start": {
          "line": 108,
          "column": 12
        },
        "end": {
          "line": 108,
          "column": 32
        }
      },
      "37": {
        "start": {
          "line": 111,
          "column": 10
        },
        "end": {
          "line": 111,
          "column": 34
        }
      },
      "38": {
        "start": {
          "line": 115,
          "column": 8
        },
        "end": {
          "line": 115,
          "column": 27
        }
      },
      "39": {
        "start": {
          "line": 116,
          "column": 8
        },
        "end": {
          "line": 116,
          "column": 32
        }
      },
      "40": {
        "start": {
          "line": 120,
          "column": 2
        },
        "end": {
          "line": 238,
          "column": 4
        }
      },
      "41": {
        "start": {
          "line": 145,
          "column": 40
        },
        "end": {
          "line": 145,
          "column": 62
        }
      },
      "42": {
        "start": {
          "line": 163,
          "column": 40
        },
        "end": {
          "line": 163,
          "column": 65
        }
      }
    },
    "fnMap": {
      "0": {
        "name": "(anonymous_0)",
        "decl": {
          "start": {
            "line": 39,
            "column": 14
          },
          "end": {
            "line": 39,
            "column": 15
          }
        },
        "loc": {
          "start": {
            "line": 39,
            "column": 20
          },
          "end": {
            "line": 239,
            "column": 1
          }
        },
        "line": 39
      },
      "1": {
        "name": "(anonymous_1)",
        "decl": {
          "start": {
            "line": 56,
            "column": 23
          },
          "end": {
            "line": 56,
            "column": 24
          }
        },
        "loc": {
          "start": {
            "line": 56,
            "column": 29
          },
          "end": {
            "line": 64,
            "column": 3
          }
        },
        "line": 56
      },
      "2": {
        "name": "(anonymous_2)",
        "decl": {
          "start": {
            "line": 67,
            "column": 22
          },
          "end": {
            "line": 67,
            "column": 23
          }
        },
        "loc": {
          "start": {
            "line": 67,
            "column": 41
          },
          "end": {
            "line": 73,
            "column": 3
          }
        },
        "line": 67
      },
      "3": {
        "name": "(anonymous_3)",
        "decl": {
          "start": {
            "line": 76,
            "column": 22
          },
          "end": {
            "line": 76,
            "column": 23
          }
        },
        "loc": {
          "start": {
            "line": 76,
            "column": 33
          },
          "end": {
            "line": 84,
            "column": 3
          }
        },
        "line": 76
      },
      "4": {
        "name": "(anonymous_4)",
        "decl": {
          "start": {
            "line": 87,
            "column": 20
          },
          "end": {
            "line": 87,
            "column": 21
          }
        },
        "loc": {
          "start": {
            "line": 87,
            "column": 32
          },
          "end": {
            "line": 118,
            "column": 3
          }
        },
        "line": 87
      },
      "5": {
        "name": "(anonymous_5)",
        "decl": {
          "start": {
            "line": 97,
            "column": 12
          },
          "end": {
            "line": 97,
            "column": 13
          }
        },
        "loc": {
          "start": {
            "line": 97,
            "column": 26
          },
          "end": {
            "line": 113,
            "column": 7
          }
        },
        "line": 97
      },
      "6": {
        "name": "(anonymous_6)",
        "decl": {
          "start": {
            "line": 107,
            "column": 21
          },
          "end": {
            "line": 107,
            "column": 22
          }
        },
        "loc": {
          "start": {
            "line": 107,
            "column": 27
          },
          "end": {
            "line": 109,
            "column": 11
          }
        },
        "line": 107
      },
      "7": {
        "name": "(anonymous_7)",
        "decl": {
          "start": {
            "line": 114,
            "column": 13
          },
          "end": {
            "line": 114,
            "column": 14
          }
        },
        "loc": {
          "start": {
            "line": 114,
            "column": 24
          },
          "end": {
            "line": 117,
            "column": 7
          }
        },
        "line": 114
      },
      "8": {
        "name": "(anonymous_8)",
        "decl": {
          "start": {
            "line": 145,
            "column": 24
          },
          "end": {
            "line": 145,
            "column": 25
          }
        },
        "loc": {
          "start": {
            "line": 145,
            "column": 40
          },
          "end": {
            "line": 145,
            "column": 62
          }
        },
        "line": 145
      },
      "9": {
        "name": "(anonymous_9)",
        "decl": {
          "start": {
            "line": 163,
            "column": 24
          },
          "end": {
            "line": 163,
            "column": 25
          }
        },
        "loc": {
          "start": {
            "line": 163,
            "column": 40
          },
          "end": {
            "line": 163,
            "column": 65
          }
        },
        "line": 163
      }
    },
    "branchMap": {
      "0": {
        "loc": {
          "start": {
            "line": 57,
            "column": 4
          },
          "end": {
            "line": 63,
            "column": 5
          }
        },
        "type": "if",
        "locations": [
          {
            "start": {
              "line": 57,
              "column": 4
            },
            "end": {
              "line": 63,
              "column": 5
            }
          },
          {
            "start": {
              "line": 60,
              "column": 11
            },
            "end": {
              "line": 63,
              "column": 5
            }
          }
        ],
        "line": 57
      },
      "1": {
        "loc": {
          "start": {
            "line": 68,
            "column": 4
          },
          "end": {
            "line": 70,
            "column": 5
          }
        },
        "type": "if",
        "locations": [
          {
            "start": {
              "line": 68,
              "column": 4
            },
            "end": {
              "line": 70,
              "column": 5
            }
          },
          {
            "start": {},
            "end": {}
          }
        ],
        "line": 68
      },
      "2": {
        "loc": {
          "start": {
            "line": 79,
            "column": 4
          },
          "end": {
            "line": 83,
            "column": 5
          }
        },
        "type": "if",
        "locations": [
          {
            "start": {
              "line": 79,
              "column": 4
            },
            "end": {
              "line": 83,
              "column": 5
            }
          },
          {
            "start": {
              "line": 81,
              "column": 11
            },
            "end": {
              "line": 83,
              "column": 5
            }
          }
        ],
        "line": 79
      },
      "3": {
        "loc": {
          "start": {
            "line": 79,
            "column": 8
          },
          "end": {
            "line": 79,
            "column": 39
          }
        },
        "type": "binary-expr",
        "locations": [
          {
            "start": {
              "line": 79,
              "column": 8
            },
            "end": {
              "line": 79,
              "column": 20
            }
          },
          {
            "start": {
              "line": 79,
              "column": 24
            },
            "end": {
              "line": 79,
              "column": 39
            }
          }
        ],
        "line": 79
      },
      "4": {
        "loc": {
          "start": {
            "line": 98,
            "column": 8
          },
          "end": {
            "line": 112,
            "column": 9
          }
        },
        "type": "if",
        "locations": [
          {
            "start": {
              "line": 98,
              "column": 8
            },
            "end": {
              "line": 112,
              "column": 9
            }
          },
          {
            "start": {
              "line": 110,
              "column": 15
            },
            "end": {
              "line": 112,
              "column": 9
            }
          }
        ],
        "line": 98
      }
    },
    "s": {
      "0": 1,
      "1": 1,
      "2": 1,
      "3": 2,
      "4": 2,
      "5": 2,
      "6": 2,
      "7": 2,
      "8": 2,
      "9": 2,
      "10": 2,
      "11": 2,
      "12": 0,
      "13": 0,
      "14": 0,
      "15": 0,
      "16": 0,
      "17": 2,
      "18": 0,
      "19": 0,
      "20": 0,
      "21": 0,
      "22": 2,
      "23": 0,
      "24": 0,
      "25": 0,
      "26": 0,
      "27": 2,
      "28": 0,
      "29": 0,
      "30": 0,
      "31": 0,
      "32": 0,
      "33": 0,
      "34": 0,
      "35": 0,
      "36": 0,
      "37": 0,
      "38": 0,
      "39": 0,
      "40": 2,
      "41": 0,
      "42": 0
    },
    "f": {
      "0": 2,
      "1": 0,
      "2": 0,
      "3": 0,
      "4": 0,
      "5": 0,
      "6": 0,
      "7": 0,
      "8": 0,
      "9": 0
    },
    "b": {
      "0": [
        0,
        0
      ],
      "1": [
        0,
        0
      ],
      "2": [
        0,
        0
      ],
      "3": [
        0,
        0
      ],
      "4": [
        0,
        0
      ]
    },
    "_coverageSchema": "1a1c01bbd47fc00a2c39e90264f33305004495a9",
    "hash": "9e0d01e9128b451c027e85d321df8d49fc298cf8"
  }
}