{
  "C:\\Users\\paulh\\OneDrive\\Escritorio\\Infor\\cuarto\\stw\\flytrax\\flytrax-frontend\\flytrax\\assets\\dummy\\dummyData.js": {
    "path": "C:\\Users\\paulh\\OneDrive\\Escritorio\\Infor\\cuarto\\stw\\flytrax\\flytrax-frontend\\flytrax\\assets\\dummy\\dummyData.js",
    "statementMap": {
      "0": {
        "start": {
          "line": 1,
          "column": 28
        },
        "end": {
          "line": 32,
          "column": 1
        }
      },
      "1": {
        "start": {
          "line": 34,
          "column": 29
        },
        "end": {
          "line": 755,
          "column": 1
        }
      },
      "2": {
        "start": {
          "line": 757,
          "column": 25
        },
        "end": {
          "line": 794,
          "column": 1
        }
      },
      "3": {
        "start": {
          "line": 796,
          "column": 24
        },
        "end": {
          "line": 837,
          "column": 1
        }
      }
    },
    "fnMap": {},
    "branchMap": {},
    "s": {
      "0": 8,
      "1": 8,
      "2": 8,
      "3": 8
    },
    "f": {},
    "b": {},
    "_coverageSchema": "1a1c01bbd47fc00a2c39e90264f33305004495a9",
    "hash": "1abc2fc4d1e58861101eb7c51be81aea9a14ebec"
  },
  "C:\\Users\\paulh\\OneDrive\\Escritorio\\Infor\\cuarto\\stw\\flytrax\\flytrax-frontend\\flytrax\\components\\AirportCard.jsx": {
    "path": "C:\\Users\\paulh\\OneDrive\\Escritorio\\Infor\\cuarto\\stw\\flytrax\\flytrax-frontend\\flytrax\\components\\AirportCard.jsx",
    "statementMap": {
      "0": {
        "start": {
          "line": 7,
          "column": 20
        },
        "end": {
          "line": 25,
          "column": 1
        }
      },
      "1": {
        "start": {
          "line": 8,
          "column": 2
        },
        "end": {
          "line": 24,
          "column": 4
        }
      },
      "2": {
        "start": {
          "line": 12,
          "column": 10
        },
        "end": {
          "line": 20,
          "column": 16
        }
      }
    },
    "fnMap": {
      "0": {
        "name": "(anonymous_0)",
        "decl": {
          "start": {
            "line": 7,
            "column": 20
          },
          "end": {
            "line": 7,
            "column": 21
          }
        },
        "loc": {
          "start": {
            "line": 7,
            "column": 26
          },
          "end": {
            "line": 25,
            "column": 1
          }
        },
        "line": 7
      },
      "1": {
        "name": "(anonymous_1)",
        "decl": {
          "start": {
            "line": 11,
            "column": 23
          },
          "end": {
            "line": 11,
            "column": 24
          }
        },
        "loc": {
          "start": {
            "line": 12,
            "column": 10
          },
          "end": {
            "line": 20,
            "column": 16
          }
        },
        "line": 12
      }
    },
    "branchMap": {},
    "s": {
      "0": 8,
      "1": 0,
      "2": 0
    },
    "f": {
      "0": 0,
      "1": 0
    },
    "b": {},
    "_coverageSchema": "1a1c01bbd47fc00a2c39e90264f33305004495a9",
    "hash": "990d49d53bfecda3d23a6b53091c4ad7edb13f63"
  },
  "C:\\Users\\paulh\\OneDrive\\Escritorio\\Infor\\cuarto\\stw\\flytrax\\flytrax-frontend\\flytrax\\components\\MenuList.jsx": {
    "path": "C:\\Users\\paulh\\OneDrive\\Escritorio\\Infor\\cuarto\\stw\\flytrax\\flytrax-frontend\\flytrax\\components\\MenuList.jsx",
    "statementMap": {
      "0": {
        "start": {
          "line": 4,
          "column": 17
        },
        "end": {
          "line": 48,
          "column": 1
        }
      },
      "1": {
        "start": {
          "line": 5,
          "column": 2
        },
        "end": {
          "line": 47,
          "column": 4
        }
      }
    },
    "fnMap": {
      "0": {
        "name": "(anonymous_0)",
        "decl": {
          "start": {
            "line": 4,
            "column": 17
          },
          "end": {
            "line": 4,
            "column": 18
          }
        },
        "loc": {
          "start": {
            "line": 4,
            "column": 31
          },
          "end": {
            "line": 48,
            "column": 1
          }
        },
        "line": 4
      }
    },
    "branchMap": {
      "0": {
        "loc": {
          "start": {
            "line": 8,
            "column": 8
          },
          "end": {
            "line": 8,
            "column": 49
          }
        },
        "type": "cond-expr",
        "locations": [
          {
            "start": {
              "line": 8,
              "column": 15
            },
            "end": {
              "line": 8,
              "column": 35
            }
          },
          {
            "start": {
              "line": 8,
              "column": 38
            },
            "end": {
              "line": 8,
              "column": 49
            }
          }
        ],
        "line": 8
      }
    },
    "s": {
      "0": 8,
      "1": 18
    },
    "f": {
      "0": 18
    },
    "b": {
      "0": [
        0,
        18
      ]
    },
    "_coverageSchema": "1a1c01bbd47fc00a2c39e90264f33305004495a9",
    "hash": "a8bf1461470dea4a1ee0161dc56f81693604a92c"
  },
  "C:\\Users\\paulh\\OneDrive\\Escritorio\\Infor\\cuarto\\stw\\flytrax\\flytrax-frontend\\flytrax\\components\\Navbar.jsx": {
    "path": "C:\\Users\\paulh\\OneDrive\\Escritorio\\Infor\\cuarto\\stw\\flytrax\\flytrax-frontend\\flytrax\\components\\Navbar.jsx",
    "statementMap": {
      "0": {
        "start": {
          "line": 11,
          "column": 15
        },
        "end": {
          "line": 80,
          "column": 1
        }
      },
      "1": {
        "start": {
          "line": 12,
          "column": 26
        },
        "end": {
          "line": 12,
          "column": 41
        }
      },
      "2": {
        "start": {
          "line": 14,
          "column": 2
        },
        "end": {
          "line": 79,
          "column": 4
        }
      },
      "3": {
        "start": {
          "line": 36,
          "column": 27
        },
        "end": {
          "line": 36,
          "column": 41
        }
      }
    },
    "fnMap": {
      "0": {
        "name": "(anonymous_0)",
        "decl": {
          "start": {
            "line": 11,
            "column": 15
          },
          "end": {
            "line": 11,
            "column": 16
          }
        },
        "loc": {
          "start": {
            "line": 11,
            "column": 21
          },
          "end": {
            "line": 80,
            "column": 1
          }
        },
        "line": 11
      },
      "1": {
        "name": "(anonymous_1)",
        "decl": {
          "start": {
            "line": 36,
            "column": 21
          },
          "end": {
            "line": 36,
            "column": 22
          }
        },
        "loc": {
          "start": {
            "line": 36,
            "column": 27
          },
          "end": {
            "line": 36,
            "column": 41
          }
        },
        "line": 36
      }
    },
    "branchMap": {
      "0": {
        "loc": {
          "start": {
            "line": 38,
            "column": 35
          },
          "end": {
            "line": 38,
            "column": 58
          }
        },
        "type": "cond-expr",
        "locations": [
          {
            "start": {
              "line": 38,
              "column": 42
            },
            "end": {
              "line": 38,
              "column": 49
            }
          },
          {
            "start": {
              "line": 38,
              "column": 52
            },
            "end": {
              "line": 38,
              "column": 58
            }
          }
        ],
        "line": 38
      }
    },
    "s": {
      "0": 8,
      "1": 18,
      "2": 18,
      "3": 0
    },
    "f": {
      "0": 18,
      "1": 0
    },
    "b": {
      "0": [
        0,
        18
      ]
    },
    "_coverageSchema": "1a1c01bbd47fc00a2c39e90264f33305004495a9",
    "hash": "43c786f7e56852ec4e8ff39bd341c79fee18329b"
  },
  "C:\\Users\\paulh\\OneDrive\\Escritorio\\Infor\\cuarto\\stw\\flytrax\\flytrax-frontend\\flytrax\\components\\Footer.jsx": {
    "path": "C:\\Users\\paulh\\OneDrive\\Escritorio\\Infor\\cuarto\\stw\\flytrax\\flytrax-frontend\\flytrax\\components\\Footer.jsx",
    "statementMap": {
      "0": {
        "start": {
          "line": 14,
          "column": 15
        },
        "end": {
          "line": 176,
          "column": 1
        }
      },
      "1": {
        "start": {
          "line": 15,
          "column": 2
        },
        "end": {
          "line": 175,
          "column": 4
        }
      }
    },
    "fnMap": {
      "0": {
        "name": "(anonymous_0)",
        "decl": {
          "start": {
            "line": 14,
            "column": 15
          },
          "end": {
            "line": 14,
            "column": 16
          }
        },
        "loc": {
          "start": {
            "line": 14,
            "column": 21
          },
          "end": {
            "line": 176,
            "column": 1
          }
        },
        "line": 14
      }
    },
    "branchMap": {},
    "s": {
      "0": 8,
      "1": 16
    },
    "f": {
      "0": 16
    },
    "b": {},
    "_coverageSchema": "1a1c01bbd47fc00a2c39e90264f33305004495a9",
    "hash": "7ee2da9d8aa616c50bbc6cd5ebaa9ac501b44bed"
  },
  "C:\\Users\\paulh\\OneDrive\\Escritorio\\Infor\\cuarto\\stw\\flytrax\\flytrax-frontend\\flytrax\\components\\Layout.jsx": {
    "path": "C:\\Users\\paulh\\OneDrive\\Escritorio\\Infor\\cuarto\\stw\\flytrax\\flytrax-frontend\\flytrax\\components\\Layout.jsx",
    "statementMap": {
      "0": {
        "start": {
          "line": 5,
          "column": 15
        },
        "end": {
          "line": 23,
          "column": 1
        }
      },
      "1": {
        "start": {
          "line": 6,
          "column": 2
        },
        "end": {
          "line": 22,
          "column": 4
        }
      }
    },
    "fnMap": {
      "0": {
        "name": "(anonymous_0)",
        "decl": {
          "start": {
            "line": 5,
            "column": 15
          },
          "end": {
            "line": 5,
            "column": 16
          }
        },
        "loc": {
          "start": {
            "line": 5,
            "column": 33
          },
          "end": {
            "line": 23,
            "column": 1
          }
        },
        "line": 5
      }
    },
    "branchMap": {},
    "s": {
      "0": 8,
      "1": 18
    },
    "f": {
      "0": 18
    },
    "b": {},
    "_coverageSchema": "1a1c01bbd47fc00a2c39e90264f33305004495a9",
    "hash": "cfb7e3b10692d377dd10b11c4587c6992d9fed04"
  },
  "C:\\Users\\paulh\\OneDrive\\Escritorio\\Infor\\cuarto\\stw\\flytrax\\flytrax-frontend\\flytrax\\components\\Banner.jsx": {
    "path": "C:\\Users\\paulh\\OneDrive\\Escritorio\\Infor\\cuarto\\stw\\flytrax\\flytrax-frontend\\flytrax\\components\\Banner.jsx",
    "statementMap": {
      "0": {
        "start": {
          "line": 6,
          "column": 15
        },
        "end": {
          "line": 38,
          "column": 1
        }
      },
      "1": {
        "start": {
          "line": 7,
          "column": 2
        },
        "end": {
          "line": 37,
          "column": 4
        }
      }
    },
    "fnMap": {
      "0": {
        "name": "(anonymous_0)",
        "decl": {
          "start": {
            "line": 6,
            "column": 15
          },
          "end": {
            "line": 6,
            "column": 16
          }
        },
        "loc": {
          "start": {
            "line": 6,
            "column": 21
          },
          "end": {
            "line": 38,
            "column": 1
          }
        },
        "line": 6
      }
    },
    "branchMap": {},
    "s": {
      "0": 8,
      "1": 0
    },
    "f": {
      "0": 0
    },
    "b": {},
    "_coverageSchema": "1a1c01bbd47fc00a2c39e90264f33305004495a9",
    "hash": "761615fffff358c640fd16c39ad4ea5086095cf0"
  },
  "C:\\Users\\paulh\\OneDrive\\Escritorio\\Infor\\cuarto\\stw\\flytrax\\flytrax-frontend\\flytrax\\context\\StateContext.js": {
    "path": "C:\\Users\\paulh\\OneDrive\\Escritorio\\Infor\\cuarto\\stw\\flytrax\\flytrax-frontend\\flytrax\\context\\StateContext.js",
    "statementMap": {
      "0": {
        "start": {
          "line": 4,
          "column": 16
        },
        "end": {
          "line": 4,
          "column": 31
        }
      },
      "1": {
        "start": {
          "line": 6,
          "column": 28
        },
        "end": {
          "line": 41,
          "column": 1
        }
      },
      "2": {
        "start": {
          "line": 7,
          "column": 34
        },
        "end": {
          "line": 10,
          "column": 4
        }
      },
      "3": {
        "start": {
          "line": 11,
          "column": 32
        },
        "end": {
          "line": 11,
          "column": 58
        }
      },
      "4": {
        "start": {
          "line": 12,
          "column": 36
        },
        "end": {
          "line": 12,
          "column": 48
        }
      },
      "5": {
        "start": {
          "line": 13,
          "column": 48
        },
        "end": {
          "line": 13,
          "column": 58
        }
      },
      "6": {
        "start": {
          "line": 14,
          "column": 32
        },
        "end": {
          "line": 14,
          "column": 47
        }
      },
      "7": {
        "start": {
          "line": 16,
          "column": 2
        },
        "end": {
          "line": 22,
          "column": 9
        }
      },
      "8": {
        "start": {
          "line": 17,
          "column": 25
        },
        "end": {
          "line": 19,
          "column": 6
        }
      },
      "9": {
        "start": {
          "line": 18,
          "column": 6
        },
        "end": {
          "line": 18,
          "column": 29
        }
      },
      "10": {
        "start": {
          "line": 20,
          "column": 28
        },
        "end": {
          "line": 20,
          "column": 72
        }
      },
      "11": {
        "start": {
          "line": 21,
          "column": 4
        },
        "end": {
          "line": 21,
          "column": 34
        }
      },
      "12": {
        "start": {
          "line": 24,
          "column": 2
        },
        "end": {
          "line": 40,
          "column": 4
        }
      },
      "13": {
        "start": {
          "line": 43,
          "column": 31
        },
        "end": {
          "line": 43,
          "column": 56
        }
      },
      "14": {
        "start": {
          "line": 43,
          "column": 37
        },
        "end": {
          "line": 43,
          "column": 56
        }
      }
    },
    "fnMap": {
      "0": {
        "name": "(anonymous_0)",
        "decl": {
          "start": {
            "line": 6,
            "column": 28
          },
          "end": {
            "line": 6,
            "column": 29
          }
        },
        "loc": {
          "start": {
            "line": 6,
            "column": 46
          },
          "end": {
            "line": 41,
            "column": 1
          }
        },
        "line": 6
      },
      "1": {
        "name": "(anonymous_1)",
        "decl": {
          "start": {
            "line": 16,
            "column": 12
          },
          "end": {
            "line": 16,
            "column": 13
          }
        },
        "loc": {
          "start": {
            "line": 16,
            "column": 18
          },
          "end": {
            "line": 22,
            "column": 3
          }
        },
        "line": 16
      },
      "2": {
        "name": "(anonymous_2)",
        "decl": {
          "start": {
            "line": 17,
            "column": 38
          },
          "end": {
            "line": 17,
            "column": 39
          }
        },
        "loc": {
          "start": {
            "line": 17,
            "column": 51
          },
          "end": {
            "line": 19,
            "column": 5
          }
        },
        "line": 17
      },
      "3": {
        "name": "(anonymous_3)",
        "decl": {
          "start": {
            "line": 43,
            "column": 31
          },
          "end": {
            "line": 43,
            "column": 32
          }
        },
        "loc": {
          "start": {
            "line": 43,
            "column": 37
          },
          "end": {
            "line": 43,
            "column": 56
          }
        },
        "line": 43
      }
    },
    "branchMap": {},
    "s": {
      "0": 8,
      "1": 8,
      "2": 34,
      "3": 34,
      "4": 34,
      "5": 34,
      "6": 34,
      "7": 34,
      "8": 16,
      "9": 112,
      "10": 16,
      "11": 16,
      "12": 34,
      "13": 8,
      "14": 0
    },
    "f": {
      "0": 34,
      "1": 16,
      "2": 112,
      "3": 0
    },
    "b": {},
    "_coverageSchema": "1a1c01bbd47fc00a2c39e90264f33305004495a9",
    "hash": "89593c43d076ab4ed89f612c665388c9acddc97f"
  },
  "C:\\Users\\paulh\\OneDrive\\Escritorio\\Infor\\cuarto\\stw\\flytrax\\flytrax-frontend\\flytrax\\components\\SearchBar.jsx": {
    "path": "C:\\Users\\paulh\\OneDrive\\Escritorio\\Infor\\cuarto\\stw\\flytrax\\flytrax-frontend\\flytrax\\components\\SearchBar.jsx",
    "statementMap": {
      "0": {
        "start": {
          "line": 12,
          "column": 34
        },
        "end": {
          "line": 12,
          "column": 59
        }
      },
      "1": {
        "start": {
          "line": 13,
          "column": 28
        },
        "end": {
          "line": 13,
          "column": 40
        }
      },
      "2": {
        "start": {
          "line": 17,
          "column": 4
        },
        "end": {
          "line": 24,
          "column": 9
        }
      },
      "3": {
        "start": {
          "line": 20,
          "column": 10
        },
        "end": {
          "line": 23,
          "column": 62
        }
      },
      "4": {
        "start": {
          "line": 28,
          "column": 2
        },
        "end": {
          "line": 93,
          "column": 3
        }
      },
      "5": {
        "start": {
          "line": 35,
          "column": 41
        },
        "end": {
          "line": 35,
          "column": 53
        }
      },
      "6": {
        "start": {
          "line": 36,
          "column": 35
        },
        "end": {
          "line": 36,
          "column": 63
        }
      },
      "7": {
        "start": {
          "line": 47,
          "column": 30
        },
        "end": {
          "line": 47,
          "column": 42
        }
      },
      "8": {
        "start": {
          "line": 56,
          "column": 18
        },
        "end": {
          "line": 85,
          "column": 36
        }
      },
      "9": {
        "start": {
          "line": 59,
          "column": 22
        },
        "end": {
          "line": 61,
          "column": 24
        }
      },
      "10": {
        "start": {
          "line": 66,
          "column": 22
        },
        "end": {
          "line": 83,
          "column": 25
        }
      }
    },
    "fnMap": {
      "0": {
        "name": "SearchBar",
        "decl": {
          "start": {
            "line": 10,
            "column": 24
          },
          "end": {
            "line": 10,
            "column": 33
          }
        },
        "loc": {
          "start": {
            "line": 10,
            "column": 36
          },
          "end": {
            "line": 94,
            "column": 1
          }
        },
        "line": 10
      },
      "1": {
        "name": "(anonymous_1)",
        "decl": {
          "start": {
            "line": 19,
            "column": 28
          },
          "end": {
            "line": 19,
            "column": 29
          }
        },
        "loc": {
          "start": {
            "line": 20,
            "column": 10
          },
          "end": {
            "line": 23,
            "column": 62
          }
        },
        "line": 20
      },
      "2": {
        "name": "(anonymous_2)",
        "decl": {
          "start": {
            "line": 35,
            "column": 28
          },
          "end": {
            "line": 35,
            "column": 29
          }
        },
        "loc": {
          "start": {
            "line": 35,
            "column": 41
          },
          "end": {
            "line": 35,
            "column": 53
          }
        },
        "line": 35
      },
      "3": {
        "name": "(anonymous_3)",
        "decl": {
          "start": {
            "line": 36,
            "column": 24
          },
          "end": {
            "line": 36,
            "column": 25
          }
        },
        "loc": {
          "start": {
            "line": 36,
            "column": 35
          },
          "end": {
            "line": 36,
            "column": 63
          }
        },
        "line": 36
      },
      "4": {
        "name": "(anonymous_4)",
        "decl": {
          "start": {
            "line": 47,
            "column": 24
          },
          "end": {
            "line": 47,
            "column": 25
          }
        },
        "loc": {
          "start": {
            "line": 47,
            "column": 30
          },
          "end": {
            "line": 47,
            "column": 42
          }
        },
        "line": 47
      },
      "5": {
        "name": "(anonymous_5)",
        "decl": {
          "start": {
            "line": 55,
            "column": 36
          },
          "end": {
            "line": 55,
            "column": 37
          }
        },
        "loc": {
          "start": {
            "line": 56,
            "column": 18
          },
          "end": {
            "line": 85,
            "column": 36
          }
        },
        "line": 56
      },
      "6": {
        "name": "(anonymous_6)",
        "decl": {
          "start": {
            "line": 58,
            "column": 31
          },
          "end": {
            "line": 58,
            "column": 32
          }
        },
        "loc": {
          "start": {
            "line": 59,
            "column": 22
          },
          "end": {
            "line": 61,
            "column": 24
          }
        },
        "line": 59
      },
      "7": {
        "name": "(anonymous_7)",
        "decl": {
          "start": {
            "line": 65,
            "column": 21
          },
          "end": {
            "line": 65,
            "column": 22
          }
        },
        "loc": {
          "start": {
            "line": 66,
            "column": 22
          },
          "end": {
            "line": 83,
            "column": 25
          }
        },
        "line": 66
      }
    },
    "branchMap": {
      "0": {
        "loc": {
          "start": {
            "line": 17,
            "column": 4
          },
          "end": {
            "line": 24,
            "column": 9
          }
        },
        "type": "cond-expr",
        "locations": [
          {
            "start": {
              "line": 18,
              "column": 8
            },
            "end": {
              "line": 18,
              "column": 20
            }
          },
          {
            "start": {
              "line": 19,
              "column": 8
            },
            "end": {
              "line": 24,
              "column": 9
            }
          }
        ],
        "line": 17
      },
      "1": {
        "loc": {
          "start": {
            "line": 50,
            "column": 15
          },
          "end": {
            "line": 87,
            "column": 15
          }
        },
        "type": "cond-expr",
        "locations": [
          {
            "start": {
              "line": 51,
              "column": 16
            },
            "end": {
              "line": 53,
              "column": 22
            }
          },
          {
            "start": {
              "line": 55,
              "column": 16
            },
            "end": {
              "line": 86,
              "column": 18
            }
          }
        ],
        "line": 50
      },
      "2": {
        "loc": {
          "start": {
            "line": 50,
            "column": 15
          },
          "end": {
            "line": 50,
            "column": 59
          }
        },
        "type": "binary-expr",
        "locations": [
          {
            "start": {
              "line": 50,
              "column": 15
            },
            "end": {
              "line": 50,
              "column": 43
            }
          },
          {
            "start": {
              "line": 50,
              "column": 47
            },
            "end": {
              "line": 50,
              "column": 59
            }
          }
        ],
        "line": 50
      },
      "3": {
        "loc": {
          "start": {
            "line": 60,
            "column": 24
          },
          "end": {
            "line": 60,
            "column": 75
          }
        },
        "type": "cond-expr",
        "locations": [
          {
            "start": {
              "line": 60,
              "column": 33
            },
            "end": {
              "line": 60,
              "column": 57
            }
          },
          {
            "start": {
              "line": 60,
              "column": 60
            },
            "end": {
              "line": 60,
              "column": 75
            }
          }
        ],
        "line": 60
      },
      "4": {
        "loc": {
          "start": {
            "line": 69,
            "column": 28
          },
          "end": {
            "line": 69,
            "column": 68
          }
        },
        "type": "cond-expr",
        "locations": [
          {
            "start": {
              "line": 69,
              "column": 39
            },
            "end": {
              "line": 69,
              "column": 52
            }
          },
          {
            "start": {
              "line": 69,
              "column": 55
            },
            "end": {
              "line": 69,
              "column": 68
            }
          }
        ],
        "line": 69
      },
      "5": {
        "loc": {
          "start": {
            "line": 74,
            "column": 25
          },
          "end": {
            "line": 82,
            "column": 32
          }
        },
        "type": "cond-expr",
        "locations": [
          {
            "start": {
              "line": 75,
              "column": 26
            },
            "end": {
              "line": 81,
              "column": 33
            }
          },
          {
            "start": {
              "line": 82,
              "column": 28
            },
            "end": {
              "line": 82,
              "column": 32
            }
          }
        ],
        "line": 74
      },
      "6": {
        "loc": {
          "start": {
            "line": 77,
            "column": 30
          },
          "end": {
            "line": 77,
            "column": 69
          }
        },
        "type": "cond-expr",
        "locations": [
          {
            "start": {
              "line": 77,
              "column": 39
            },
            "end": {
              "line": 77,
              "column": 51
            }
          },
          {
            "start": {
              "line": 77,
              "column": 54
            },
            "end": {
              "line": 77,
              "column": 69
            }
          }
        ],
        "line": 77
      }
    },
    "s": {
      "0": 0,
      "1": 0,
      "2": 0,
      "3": 0,
      "4": 0,
      "5": 0,
      "6": 0,
      "7": 0,
      "8": 0,
      "9": 0,
      "10": 0
    },
    "f": {
      "0": 0,
      "1": 0,
      "2": 0,
      "3": 0,
      "4": 0,
      "5": 0,
      "6": 0,
      "7": 0
    },
    "b": {
      "0": [
        0,
        0
      ],
      "1": [
        0,
        0
      ],
      "2": [
        0,
        0
      ],
      "3": [
        0,
        0
      ],
      "4": [
        0,
        0
      ],
      "5": [
        0,
        0
      ],
      "6": [
        0,
        0
      ]
    },
    "_coverageSchema": "1a1c01bbd47fc00a2c39e90264f33305004495a9",
    "hash": "57da57316eacacf615cd2fdf88ee48425a46a9c8"
  },
  "C:\\Users\\paulh\\OneDrive\\Escritorio\\Infor\\cuarto\\stw\\flytrax\\flytrax-frontend\\flytrax\\components\\SearchSection.jsx": {
    "path": "C:\\Users\\paulh\\OneDrive\\Escritorio\\Infor\\cuarto\\stw\\flytrax\\flytrax-frontend\\flytrax\\components\\SearchSection.jsx",
    "statementMap": {
      "0": {
        "start": {
          "line": 14,
          "column": 22
        },
        "end": {
          "line": 70,
          "column": 1
        }
      },
      "1": {
        "start": {
          "line": 15,
          "column": 30
        },
        "end": {
          "line": 15,
          "column": 45
        }
      },
      "2": {
        "start": {
          "line": 16,
          "column": 55
        },
        "end": {
          "line": 16,
          "column": 72
        }
      },
      "3": {
        "start": {
          "line": 18,
          "column": 2
        },
        "end": {
          "line": 69,
          "column": 4
        }
      },
      "4": {
        "start": {
          "line": 26,
          "column": 25
        },
        "end": {
          "line": 26,
          "column": 43
        }
      },
      "5": {
        "start": {
          "line": 46,
          "column": 12
        },
        "end": {
          "line": 55,
          "column": 14
        }
      },
      "6": {
        "start": {
          "line": 48,
          "column": 31
        },
        "end": {
          "line": 48,
          "column": 50
        }
      }
    },
    "fnMap": {
      "0": {
        "name": "(anonymous_0)",
        "decl": {
          "start": {
            "line": 14,
            "column": 22
          },
          "end": {
            "line": 14,
            "column": 23
          }
        },
        "loc": {
          "start": {
            "line": 14,
            "column": 28
          },
          "end": {
            "line": 70,
            "column": 1
          }
        },
        "line": 14
      },
      "1": {
        "name": "(anonymous_1)",
        "decl": {
          "start": {
            "line": 26,
            "column": 19
          },
          "end": {
            "line": 26,
            "column": 20
          }
        },
        "loc": {
          "start": {
            "line": 26,
            "column": 25
          },
          "end": {
            "line": 26,
            "column": 43
          }
        },
        "line": 26
      },
      "2": {
        "name": "(anonymous_2)",
        "decl": {
          "start": {
            "line": 45,
            "column": 25
          },
          "end": {
            "line": 45,
            "column": 26
          }
        },
        "loc": {
          "start": {
            "line": 45,
            "column": 45
          },
          "end": {
            "line": 56,
            "column": 11
          }
        },
        "line": 45
      },
      "3": {
        "name": "(anonymous_3)",
        "decl": {
          "start": {
            "line": 48,
            "column": 25
          },
          "end": {
            "line": 48,
            "column": 26
          }
        },
        "loc": {
          "start": {
            "line": 48,
            "column": 31
          },
          "end": {
            "line": 48,
            "column": 50
          }
        },
        "line": 48
      }
    },
    "branchMap": {
      "0": {
        "loc": {
          "start": {
            "line": 36,
            "column": 11
          },
          "end": {
            "line": 40,
            "column": 11
          }
        },
        "type": "cond-expr",
        "locations": [
          {
            "start": {
              "line": 37,
              "column": 12
            },
            "end": {
              "line": 37,
              "column": 72
            }
          },
          {
            "start": {
              "line": 39,
              "column": 12
            },
            "end": {
              "line": 39,
              "column": 70
            }
          }
        ],
        "line": 36
      }
    },
    "s": {
      "0": 8,
      "1": 0,
      "2": 0,
      "3": 0,
      "4": 0,
      "5": 0,
      "6": 0
    },
    "f": {
      "0": 0,
      "1": 0,
      "2": 0,
      "3": 0
    },
    "b": {
      "0": [
        0,
        0
      ]
    },
    "_coverageSchema": "1a1c01bbd47fc00a2c39e90264f33305004495a9",
    "hash": "9a2ee7631859a907694a3b364fcc60c41ae9462a"
  },
  "C:\\Users\\paulh\\OneDrive\\Escritorio\\Infor\\cuarto\\stw\\flytrax\\flytrax-frontend\\flytrax\\components\\foro\\ForoForm.jsx": {
    "path": "C:\\Users\\paulh\\OneDrive\\Escritorio\\Infor\\cuarto\\stw\\flytrax\\flytrax-frontend\\flytrax\\components\\foro\\ForoForm.jsx",
    "statementMap": {
      "0": {
        "start": {
          "line": 6,
          "column": 17
        },
        "end": {
          "line": 61,
          "column": 1
        }
      },
      "1": {
        "start": {
          "line": 8,
          "column": 29
        },
        "end": {
          "line": 8,
          "column": 41
        }
      },
      "2": {
        "start": {
          "line": 9,
          "column": 38
        },
        "end": {
          "line": 9,
          "column": 53
        }
      },
      "3": {
        "start": {
          "line": 11,
          "column": 42
        },
        "end": {
          "line": 11,
          "column": 57
        }
      },
      "4": {
        "start": {
          "line": 14,
          "column": 21
        },
        "end": {
          "line": 17,
          "column": 5
        }
      },
      "5": {
        "start": {
          "line": 15,
          "column": 8
        },
        "end": {
          "line": 15,
          "column": 26
        }
      },
      "6": {
        "start": {
          "line": 16,
          "column": 8
        },
        "end": {
          "line": 16,
          "column": 33
        }
      },
      "7": {
        "start": {
          "line": 19,
          "column": 24
        },
        "end": {
          "line": 21,
          "column": 5
        }
      },
      "8": {
        "start": {
          "line": 20,
          "column": 8
        },
        "end": {
          "line": 20,
          "column": 28
        }
      },
      "9": {
        "start": {
          "line": 23,
          "column": 4
        },
        "end": {
          "line": 60,
          "column": 5
        }
      },
      "10": {
        "start": {
          "line": 33,
          "column": 45
        },
        "end": {
          "line": 33,
          "column": 69
        }
      }
    },
    "fnMap": {
      "0": {
        "name": "(anonymous_0)",
        "decl": {
          "start": {
            "line": 6,
            "column": 17
          },
          "end": {
            "line": 6,
            "column": 18
          }
        },
        "loc": {
          "start": {
            "line": 6,
            "column": 23
          },
          "end": {
            "line": 61,
            "column": 1
          }
        },
        "line": 6
      },
      "1": {
        "name": "(anonymous_1)",
        "decl": {
          "start": {
            "line": 14,
            "column": 21
          },
          "end": {
            "line": 14,
            "column": 22
          }
        },
        "loc": {
          "start": {
            "line": 14,
            "column": 27
          },
          "end": {
            "line": 17,
            "column": 5
          }
        },
        "line": 14
      },
      "2": {
        "name": "(anonymous_2)",
        "decl": {
          "start": {
            "line": 19,
            "column": 24
          },
          "end": {
            "line": 19,
            "column": 25
          }
        },
        "loc": {
          "start": {
            "line": 19,
            "column": 30
          },
          "end": {
            "line": 21,
            "column": 5
          }
        },
        "line": 19
      },
      "3": {
        "name": "(anonymous_3)",
        "decl": {
          "start": {
            "line": 33,
            "column": 38
          },
          "end": {
            "line": 33,
            "column": 39
          }
        },
        "loc": {
          "start": {
            "line": 33,
            "column": 45
          },
          "end": {
            "line": 33,
            "column": 69
          }
        },
        "line": 33
      }
    },
    "branchMap": {
      "0": {
        "loc": {
          "start": {
            "line": 25,
            "column": 14
          },
          "end": {
            "line": 58,
            "column": 13
          }
        },
        "type": "cond-expr",
        "locations": [
          {
            "start": {
              "line": 26,
              "column": 16
            },
            "end": {
              "line": 49,
              "column": 22
            }
          },
          {
            "start": {
              "line": 51,
              "column": 16
            },
            "end": {
              "line": 57,
              "column": 22
            }
          }
        ],
        "line": 25
      }
    },
    "s": {
      "0": 8,
      "1": 0,
      "2": 0,
      "3": 0,
      "4": 0,
      "5": 0,
      "6": 0,
      "7": 0,
      "8": 0,
      "9": 0,
      "10": 0
    },
    "f": {
      "0": 0,
      "1": 0,
      "2": 0,
      "3": 0
    },
    "b": {
      "0": [
        0,
        0
      ]
    },
    "_coverageSchema": "1a1c01bbd47fc00a2c39e90264f33305004495a9",
    "hash": "26fdc776845396a2dcb4a0cefcd8287f52b7399d"
  },
  "C:\\Users\\paulh\\OneDrive\\Escritorio\\Infor\\cuarto\\stw\\flytrax\\flytrax-frontend\\flytrax\\components\\foro\\ForoItem.jsx": {
    "path": "C:\\Users\\paulh\\OneDrive\\Escritorio\\Infor\\cuarto\\stw\\flytrax\\flytrax-frontend\\flytrax\\components\\foro\\ForoItem.jsx",
    "statementMap": {
      "0": {
        "start": {
          "line": 7,
          "column": 17
        },
        "end": {
          "line": 38,
          "column": 1
        }
      },
      "1": {
        "start": {
          "line": 9,
          "column": 17
        },
        "end": {
          "line": 9,
          "column": 28
        }
      },
      "2": {
        "start": {
          "line": 11,
          "column": 19
        },
        "end": {
          "line": 13,
          "column": 23
        }
      },
      "3": {
        "start": {
          "line": 12,
          "column": 4
        },
        "end": {
          "line": 12,
          "column": 47
        }
      },
      "4": {
        "start": {
          "line": 16,
          "column": 2
        },
        "end": {
          "line": 37,
          "column": 3
        }
      }
    },
    "fnMap": {
      "0": {
        "name": "(anonymous_0)",
        "decl": {
          "start": {
            "line": 7,
            "column": 17
          },
          "end": {
            "line": 7,
            "column": 18
          }
        },
        "loc": {
          "start": {
            "line": 7,
            "column": 31
          },
          "end": {
            "line": 38,
            "column": 1
          }
        },
        "line": 7
      },
      "1": {
        "name": "(anonymous_1)",
        "decl": {
          "start": {
            "line": 11,
            "column": 31
          },
          "end": {
            "line": 11,
            "column": 32
          }
        },
        "loc": {
          "start": {
            "line": 11,
            "column": 37
          },
          "end": {
            "line": 13,
            "column": 3
          }
        },
        "line": 11
      }
    },
    "branchMap": {
      "0": {
        "loc": {
          "start": {
            "line": 31,
            "column": 19
          },
          "end": {
            "line": 31,
            "column": 45
          }
        },
        "type": "binary-expr",
        "locations": [
          {
            "start": {
              "line": 31,
              "column": 19
            },
            "end": {
              "line": 31,
              "column": 40
            }
          },
          {
            "start": {
              "line": 31,
              "column": 44
            },
            "end": {
              "line": 31,
              "column": 45
            }
          }
        ],
        "line": 31
      }
    },
    "s": {
      "0": 8,
      "1": 0,
      "2": 0,
      "3": 0,
      "4": 0
    },
    "f": {
      "0": 0,
      "1": 0
    },
    "b": {
      "0": [
        0,
        0
      ]
    },
    "_coverageSchema": "1a1c01bbd47fc00a2c39e90264f33305004495a9",
    "hash": "778685d4f5870aba51718864157fd63858bb6f52"
  },
  "C:\\Users\\paulh\\OneDrive\\Escritorio\\Infor\\cuarto\\stw\\flytrax\\flytrax-frontend\\flytrax\\components\\foro\\ForoFeed.jsx": {
    "path": "C:\\Users\\paulh\\OneDrive\\Escritorio\\Infor\\cuarto\\stw\\flytrax\\flytrax-frontend\\flytrax\\components\\foro\\ForoFeed.jsx",
    "statementMap": {
      "0": {
        "start": {
          "line": 5,
          "column": 17
        },
        "end": {
          "line": 20,
          "column": 1
        }
      },
      "1": {
        "start": {
          "line": 7,
          "column": 17
        },
        "end": {
          "line": 7,
          "column": 18
        }
      },
      "2": {
        "start": {
          "line": 9,
          "column": 2
        },
        "end": {
          "line": 19,
          "column": 3
        }
      },
      "3": {
        "start": {
          "line": 12,
          "column": 8
        },
        "end": {
          "line": 16,
          "column": 10
        }
      }
    },
    "fnMap": {
      "0": {
        "name": "(anonymous_0)",
        "decl": {
          "start": {
            "line": 5,
            "column": 17
          },
          "end": {
            "line": 5,
            "column": 18
          }
        },
        "loc": {
          "start": {
            "line": 5,
            "column": 23
          },
          "end": {
            "line": 20,
            "column": 1
          }
        },
        "line": 5
      },
      "1": {
        "name": "(anonymous_1)",
        "decl": {
          "start": {
            "line": 11,
            "column": 20
          },
          "end": {
            "line": 11,
            "column": 21
          }
        },
        "loc": {
          "start": {
            "line": 12,
            "column": 8
          },
          "end": {
            "line": 16,
            "column": 10
          }
        },
        "line": 12
      }
    },
    "branchMap": {},
    "s": {
      "0": 8,
      "1": 0,
      "2": 0,
      "3": 0
    },
    "f": {
      "0": 0,
      "1": 0
    },
    "b": {},
    "_coverageSchema": "1a1c01bbd47fc00a2c39e90264f33305004495a9",
    "hash": "734658eb00672d1fd4e0558f6de580176cb5aa7e"
  },
  "C:\\Users\\paulh\\OneDrive\\Escritorio\\Infor\\cuarto\\stw\\flytrax\\flytrax-frontend\\flytrax\\components\\foro\\comments\\CommentItem.jsx": {
    "path": "C:\\Users\\paulh\\OneDrive\\Escritorio\\Infor\\cuarto\\stw\\flytrax\\flytrax-frontend\\flytrax\\components\\foro\\comments\\CommentItem.jsx",
    "statementMap": {
      "0": {
        "start": {
          "line": 7,
          "column": 20
        },
        "end": {
          "line": 27,
          "column": 1
        }
      },
      "1": {
        "start": {
          "line": 9,
          "column": 17
        },
        "end": {
          "line": 9,
          "column": 28
        }
      },
      "2": {
        "start": {
          "line": 11,
          "column": 2
        },
        "end": {
          "line": 26,
          "column": 3
        }
      }
    },
    "fnMap": {
      "0": {
        "name": "(anonymous_0)",
        "decl": {
          "start": {
            "line": 7,
            "column": 20
          },
          "end": {
            "line": 7,
            "column": 21
          }
        },
        "loc": {
          "start": {
            "line": 7,
            "column": 34
          },
          "end": {
            "line": 27,
            "column": 1
          }
        },
        "line": 7
      }
    },
    "branchMap": {},
    "s": {
      "0": 8,
      "1": 0,
      "2": 0
    },
    "f": {
      "0": 0
    },
    "b": {},
    "_coverageSchema": "1a1c01bbd47fc00a2c39e90264f33305004495a9",
    "hash": "35248bac4f14556bfa25c99134f525956af6501f"
  },
  "C:\\Users\\paulh\\OneDrive\\Escritorio\\Infor\\cuarto\\stw\\flytrax\\flytrax-frontend\\flytrax\\components\\foro\\comments\\CommentFeed.jsx": {
    "path": "C:\\Users\\paulh\\OneDrive\\Escritorio\\Infor\\cuarto\\stw\\flytrax\\flytrax-frontend\\flytrax\\components\\foro\\comments\\CommentFeed.jsx",
    "statementMap": {
      "0": {
        "start": {
          "line": 4,
          "column": 20
        },
        "end": {
          "line": 16,
          "column": 1
        }
      },
      "1": {
        "start": {
          "line": 6,
          "column": 2
        },
        "end": {
          "line": 15,
          "column": 3
        }
      },
      "2": {
        "start": {
          "line": 9,
          "column": 8
        },
        "end": {
          "line": 12,
          "column": 10
        }
      }
    },
    "fnMap": {
      "0": {
        "name": "(anonymous_0)",
        "decl": {
          "start": {
            "line": 4,
            "column": 20
          },
          "end": {
            "line": 4,
            "column": 21
          }
        },
        "loc": {
          "start": {
            "line": 4,
            "column": 38
          },
          "end": {
            "line": 16,
            "column": 1
          }
        },
        "line": 4
      },
      "1": {
        "name": "(anonymous_1)",
        "decl": {
          "start": {
            "line": 8,
            "column": 20
          },
          "end": {
            "line": 8,
            "column": 21
          }
        },
        "loc": {
          "start": {
            "line": 9,
            "column": 8
          },
          "end": {
            "line": 12,
            "column": 10
          }
        },
        "line": 9
      }
    },
    "branchMap": {},
    "s": {
      "0": 8,
      "1": 0,
      "2": 0
    },
    "f": {
      "0": 0,
      "1": 0
    },
    "b": {},
    "_coverageSchema": "1a1c01bbd47fc00a2c39e90264f33305004495a9",
    "hash": "44fd426a6cdebb85bd3832f69b07338c9beac23d"
  },
  "C:\\Users\\paulh\\OneDrive\\Escritorio\\Infor\\cuarto\\stw\\flytrax\\flytrax-frontend\\flytrax\\components\\admin\\Sidebar.jsx": {
    "path": "C:\\Users\\paulh\\OneDrive\\Escritorio\\Infor\\cuarto\\stw\\flytrax\\flytrax-frontend\\flytrax\\components\\admin\\Sidebar.jsx",
    "statementMap": {
      "0": {
        "start": {
          "line": 18,
          "column": 17
        },
        "end": {
          "line": 47,
          "column": 1
        }
      },
      "1": {
        "start": {
          "line": 49,
          "column": 16
        },
        "end": {
          "line": 145,
          "column": 1
        }
      },
      "2": {
        "start": {
          "line": 51,
          "column": 32
        },
        "end": {
          "line": 51,
          "column": 44
        }
      },
      "3": {
        "start": {
          "line": 52,
          "column": 19
        },
        "end": {
          "line": 52,
          "column": 30
        }
      },
      "4": {
        "start": {
          "line": 54,
          "column": 30
        },
        "end": {
          "line": 56,
          "column": 6
        }
      },
      "5": {
        "start": {
          "line": 58,
          "column": 21
        },
        "end": {
          "line": 60,
          "column": 5
        }
      },
      "6": {
        "start": {
          "line": 59,
          "column": 8
        },
        "end": {
          "line": 59,
          "column": 43
        }
      },
      "7": {
        "start": {
          "line": 62,
          "column": 25
        },
        "end": {
          "line": 73,
          "column": 5
        }
      },
      "8": {
        "start": {
          "line": 62,
          "column": 43
        },
        "end": {
          "line": 73,
          "column": 5
        }
      },
      "9": {
        "start": {
          "line": 63,
          "column": 8
        },
        "end": {
          "line": 70,
          "column": 9
        }
      },
      "10": {
        "start": {
          "line": 69,
          "column": 12
        },
        "end": {
          "line": 69,
          "column": 19
        }
      },
      "11": {
        "start": {
          "line": 72,
          "column": 8
        },
        "end": {
          "line": 72,
          "column": 47
        }
      },
      "12": {
        "start": {
          "line": 75,
          "column": 17
        },
        "end": {
          "line": 114,
          "column": 7
        }
      },
      "13": {
        "start": {
          "line": 77,
          "column": 8
        },
        "end": {
          "line": 112,
          "column": 15
        }
      },
      "14": {
        "start": {
          "line": 79,
          "column": 16
        },
        "end": {
          "line": 85,
          "column": 17
        }
      },
      "15": {
        "start": {
          "line": 80,
          "column": 20
        },
        "end": {
          "line": 84,
          "column": 22
        }
      },
      "16": {
        "start": {
          "line": 87,
          "column": 31
        },
        "end": {
          "line": 87,
          "column": 49
        }
      },
      "17": {
        "start": {
          "line": 89,
          "column": 16
        },
        "end": {
          "line": 110,
          "column": 18
        }
      },
      "18": {
        "start": {
          "line": 93,
          "column": 28
        },
        "end": {
          "line": 93,
          "column": 49
        }
      },
      "19": {
        "start": {
          "line": 94,
          "column": 28
        },
        "end": {
          "line": 94,
          "column": 46
        }
      },
      "20": {
        "start": {
          "line": 116,
          "column": 4
        },
        "end": {
          "line": 144,
          "column": 6
        }
      },
      "21": {
        "start": {
          "line": 120,
          "column": 16
        },
        "end": {
          "line": 140,
          "column": 33
        }
      }
    },
    "fnMap": {
      "0": {
        "name": "(anonymous_0)",
        "decl": {
          "start": {
            "line": 49,
            "column": 16
          },
          "end": {
            "line": 49,
            "column": 17
          }
        },
        "loc": {
          "start": {
            "line": 49,
            "column": 70
          },
          "end": {
            "line": 145,
            "column": 1
          }
        },
        "line": 49
      },
      "1": {
        "name": "(anonymous_1)",
        "decl": {
          "start": {
            "line": 58,
            "column": 21
          },
          "end": {
            "line": 58,
            "column": 22
          }
        },
        "loc": {
          "start": {
            "line": 58,
            "column": 31
          },
          "end": {
            "line": 60,
            "column": 5
          }
        },
        "line": 58
      },
      "2": {
        "name": "(anonymous_2)",
        "decl": {
          "start": {
            "line": 62,
            "column": 25
          },
          "end": {
            "line": 62,
            "column": 26
          }
        },
        "loc": {
          "start": {
            "line": 62,
            "column": 43
          },
          "end": {
            "line": 73,
            "column": 5
          }
        },
        "line": 62
      },
      "3": {
        "name": "(anonymous_3)",
        "decl": {
          "start": {
            "line": 62,
            "column": 43
          },
          "end": {
            "line": 62,
            "column": 44
          }
        },
        "loc": {
          "start": {
            "line": 62,
            "column": 54
          },
          "end": {
            "line": 73,
            "column": 5
          }
        },
        "line": 62
      },
      "4": {
        "name": "(anonymous_4)",
        "decl": {
          "start": {
            "line": 75,
            "column": 17
          },
          "end": {
            "line": 75,
            "column": 18
          }
        },
        "loc": {
          "start": {
            "line": 77,
            "column": 8
          },
          "end": {
            "line": 112,
            "column": 15
          }
        },
        "line": 77
      },
      "5": {
        "name": "(anonymous_5)",
        "decl": {
          "start": {
            "line": 78,
            "column": 26
          },
          "end": {
            "line": 78,
            "column": 27
          }
        },
        "loc": {
          "start": {
            "line": 78,
            "column": 46
          },
          "end": {
            "line": 111,
            "column": 13
          }
        },
        "line": 78
      },
      "6": {
        "name": "(anonymous_6)",
        "decl": {
          "start": {
            "line": 92,
            "column": 33
          },
          "end": {
            "line": 92,
            "column": 34
          }
        },
        "loc": {
          "start": {
            "line": 92,
            "column": 39
          },
          "end": {
            "line": 95,
            "column": 25
          }
        },
        "line": 92
      },
      "7": {
        "name": "(anonymous_7)",
        "decl": {
          "start": {
            "line": 119,
            "column": 28
          },
          "end": {
            "line": 119,
            "column": 29
          }
        },
        "loc": {
          "start": {
            "line": 120,
            "column": 16
          },
          "end": {
            "line": 140,
            "column": 33
          }
        },
        "line": 120
      }
    },
    "branchMap": {
      "0": {
        "loc": {
          "start": {
            "line": 63,
            "column": 8
          },
          "end": {
            "line": 70,
            "column": 9
          }
        },
        "type": "if",
        "locations": [
          {
            "start": {
              "line": 63,
              "column": 8
            },
            "end": {
              "line": 70,
              "column": 9
            }
          },
          {
            "start": {},
            "end": {}
          }
        ],
        "line": 63
      },
      "1": {
        "loc": {
          "start": {
            "line": 64,
            "column": 12
          },
          "end": {
            "line": 67,
            "column": 36
          }
        },
        "type": "binary-expr",
        "locations": [
          {
            "start": {
              "line": 64,
              "column": 12
            },
            "end": {
              "line": 64,
              "column": 17
            }
          },
          {
            "start": {
              "line": 65,
              "column": 12
            },
            "end": {
              "line": 65,
              "column": 36
            }
          },
          {
            "start": {
              "line": 66,
              "column": 13
            },
            "end": {
              "line": 66,
              "column": 34
            }
          },
          {
            "start": {
              "line": 67,
              "column": 12
            },
            "end": {
              "line": 67,
              "column": 35
            }
          }
        ],
        "line": 64
      },
      "2": {
        "loc": {
          "start": {
            "line": 79,
            "column": 16
          },
          "end": {
            "line": 85,
            "column": 17
          }
        },
        "type": "if",
        "locations": [
          {
            "start": {
              "line": 79,
              "column": 16
            },
            "end": {
              "line": 85,
              "column": 17
            }
          },
          {
            "start": {},
            "end": {}
          }
        ],
        "line": 79
      },
      "3": {
        "loc": {
          "start": {
            "line": 105,
            "column": 25
          },
          "end": {
            "line": 107,
            "column": 25
          }
        },
        "type": "binary-expr",
        "locations": [
          {
            "start": {
              "line": 105,
              "column": 25
            },
            "end": {
              "line": 105,
              "column": 42
            }
          },
          {
            "start": {
              "line": 106,
              "column": 28
            },
            "end": {
              "line": 106,
              "column": 72
            }
          }
        ],
        "line": 105
      }
    },
    "s": {
      "0": 8,
      "1": 8,
      "2": 0,
      "3": 0,
      "4": 0,
      "5": 0,
      "6": 0,
      "7": 0,
      "8": 0,
      "9": 0,
      "10": 0,
      "11": 0,
      "12": 0,
      "13": 0,
      "14": 0,
      "15": 0,
      "16": 0,
      "17": 0,
      "18": 0,
      "19": 0,
      "20": 0,
      "21": 0
    },
    "f": {
      "0": 0,
      "1": 0,
      "2": 0,
      "3": 0,
      "4": 0,
      "5": 0,
      "6": 0,
      "7": 0
    },
    "b": {
      "0": [
        0,
        0
      ],
      "1": [
        0,
        0,
        0,
        0
      ],
      "2": [
        0,
        0
      ],
      "3": [
        0,
        0
      ]
    },
    "_coverageSchema": "1a1c01bbd47fc00a2c39e90264f33305004495a9",
    "hash": "640b230753d8bd4abf2df8d7aa171699115de513"
  },
  "C:\\Users\\paulh\\OneDrive\\Escritorio\\Infor\\cuarto\\stw\\flytrax\\flytrax-frontend\\flytrax\\components\\index.js": {
    "path": "C:\\Users\\paulh\\OneDrive\\Escritorio\\Infor\\cuarto\\stw\\flytrax\\flytrax-frontend\\flytrax\\components\\index.js",
    "statementMap": {},
    "fnMap": {},
    "branchMap": {},
    "s": {},
    "f": {},
    "b": {},
    "_coverageSchema": "1a1c01bbd47fc00a2c39e90264f33305004495a9",
    "hash": "17ad9cb9b4b2da7e78a2cae329193f5a1f69d9de"
  },
  "C:\\Users\\paulh\\OneDrive\\Escritorio\\Infor\\cuarto\\stw\\flytrax\\flytrax-frontend\\flytrax\\pages\\_app.js": {
    "path": "C:\\Users\\paulh\\OneDrive\\Escritorio\\Infor\\cuarto\\stw\\flytrax\\flytrax-frontend\\flytrax\\pages\\_app.js",
    "statementMap": {
      "0": {
        "start": {
          "line": 8,
          "column": 2
        },
        "end": {
          "line": 17,
          "column": 4
        }
      }
    },
    "fnMap": {
      "0": {
        "name": "Flytrax",
        "decl": {
          "start": {
            "line": 7,
            "column": 9
          },
          "end": {
            "line": 7,
            "column": 16
          }
        },
        "loc": {
          "start": {
            "line": 7,
            "column": 43
          },
          "end": {
            "line": 18,
            "column": 1
          }
        },
        "line": 7
      }
    },
    "branchMap": {},
    "s": {
      "0": 18
    },
    "f": {
      "0": 18
    },
    "b": {},
    "_coverageSchema": "1a1c01bbd47fc00a2c39e90264f33305004495a9",
    "hash": "3024a8676b16fa3f039a4ce9b03cda7b231850b4"
  },
  "C:\\Users\\paulh\\OneDrive\\Escritorio\\Infor\\cuarto\\stw\\flytrax\\flytrax-frontend\\flytrax\\assets\\dummy\\countries.js": {
    "path": "C:\\Users\\paulh\\OneDrive\\Escritorio\\Infor\\cuarto\\stw\\flytrax\\flytrax-frontend\\flytrax\\assets\\dummy\\countries.js",
    "statementMap": {
      "0": {
        "start": {
          "line": 1,
          "column": 18
        },
        "end": {
          "line": 242,
          "column": 1
        }
      }
    },
    "fnMap": {},
    "branchMap": {},
    "s": {
      "0": 8
    },
    "f": {},
    "b": {},
    "_coverageSchema": "1a1c01bbd47fc00a2c39e90264f33305004495a9",
    "hash": "a75edfb781eb9b9088b894ced951b4bd2ec6cfdf"
  },
  "C:\\Users\\paulh\\OneDrive\\Escritorio\\Infor\\cuarto\\stw\\flytrax\\flytrax-frontend\\flytrax\\pages\\register\\index.jsx": {
    "path": "C:\\Users\\paulh\\OneDrive\\Escritorio\\Infor\\cuarto\\stw\\flytrax\\flytrax-frontend\\flytrax\\pages\\register\\index.jsx",
    "statementMap": {
      "0": {
        "start": {
          "line": 31,
          "column": 14
        },
        "end": {
          "line": 47,
          "column": 2
        }
      },
      "1": {
        "start": {
          "line": 50,
          "column": 19
        },
        "end": {
          "line": 50,
          "column": 70
        }
      },
      "2": {
        "start": {
          "line": 52,
          "column": 23
        },
        "end": {
          "line": 54,
          "column": 1
        }
      },
      "3": {
        "start": {
          "line": 56,
          "column": 17
        },
        "end": {
          "line": 668,
          "column": 1
        }
      },
      "4": {
        "start": {
          "line": 61,
          "column": 6
        },
        "end": {
          "line": 63,
          "column": 4
        }
      },
      "5": {
        "start": {
          "line": 66,
          "column": 34
        },
        "end": {
          "line": 66,
          "column": 46
        }
      },
      "6": {
        "start": {
          "line": 67,
          "column": 36
        },
        "end": {
          "line": 67,
          "column": 48
        }
      },
      "7": {
        "start": {
          "line": 68,
          "column": 34
        },
        "end": {
          "line": 68,
          "column": 46
        }
      },
      "8": {
        "start": {
          "line": 69,
          "column": 28
        },
        "end": {
          "line": 69,
          "column": 40
        }
      },
      "9": {
        "start": {
          "line": 70,
          "column": 34
        },
        "end": {
          "line": 70,
          "column": 51
        }
      },
      "10": {
        "start": {
          "line": 71,
          "column": 32
        },
        "end": {
          "line": 71,
          "column": 44
        }
      },
      "11": {
        "start": {
          "line": 72,
          "column": 28
        },
        "end": {
          "line": 72,
          "column": 40
        }
      },
      "12": {
        "start": {
          "line": 73,
          "column": 30
        },
        "end": {
          "line": 73,
          "column": 42
        }
      },
      "13": {
        "start": {
          "line": 74,
          "column": 34
        },
        "end": {
          "line": 74,
          "column": 46
        }
      },
      "14": {
        "start": {
          "line": 75,
          "column": 36
        },
        "end": {
          "line": 75,
          "column": 48
        }
      },
      "15": {
        "start": {
          "line": 76,
          "column": 46
        },
        "end": {
          "line": 76,
          "column": 58
        }
      },
      "16": {
        "start": {
          "line": 79,
          "column": 34
        },
        "end": {
          "line": 79,
          "column": 54
        }
      },
      "17": {
        "start": {
          "line": 80,
          "column": 36
        },
        "end": {
          "line": 80,
          "column": 56
        }
      },
      "18": {
        "start": {
          "line": 81,
          "column": 34
        },
        "end": {
          "line": 81,
          "column": 54
        }
      },
      "19": {
        "start": {
          "line": 82,
          "column": 36
        },
        "end": {
          "line": 82,
          "column": 56
        }
      },
      "20": {
        "start": {
          "line": 85,
          "column": 48
        },
        "end": {
          "line": 85,
          "column": 63
        }
      },
      "21": {
        "start": {
          "line": 86,
          "column": 46
        },
        "end": {
          "line": 86,
          "column": 61
        }
      },
      "22": {
        "start": {
          "line": 87,
          "column": 46
        },
        "end": {
          "line": 87,
          "column": 61
        }
      },
      "23": {
        "start": {
          "line": 88,
          "column": 56
        },
        "end": {
          "line": 88,
          "column": 71
        }
      },
      "24": {
        "start": {
          "line": 89,
          "column": 60
        },
        "end": {
          "line": 89,
          "column": 75
        }
      },
      "25": {
        "start": {
          "line": 92,
          "column": 23
        },
        "end": {
          "line": 100,
          "column": 3
        }
      },
      "26": {
        "start": {
          "line": 93,
          "column": 4
        },
        "end": {
          "line": 99,
          "column": 5
        }
      },
      "27": {
        "start": {
          "line": 94,
          "column": 6
        },
        "end": {
          "line": 94,
          "column": 25
        }
      },
      "28": {
        "start": {
          "line": 95,
          "column": 6
        },
        "end": {
          "line": 95,
          "column": 26
        }
      },
      "29": {
        "start": {
          "line": 97,
          "column": 6
        },
        "end": {
          "line": 97,
          "column": 30
        }
      },
      "30": {
        "start": {
          "line": 98,
          "column": 6
        },
        "end": {
          "line": 98,
          "column": 30
        }
      },
      "31": {
        "start": {
          "line": 103,
          "column": 24
        },
        "end": {
          "line": 111,
          "column": 3
        }
      },
      "32": {
        "start": {
          "line": 104,
          "column": 4
        },
        "end": {
          "line": 110,
          "column": 5
        }
      },
      "33": {
        "start": {
          "line": 105,
          "column": 6
        },
        "end": {
          "line": 105,
          "column": 26
        }
      },
      "34": {
        "start": {
          "line": 106,
          "column": 6
        },
        "end": {
          "line": 106,
          "column": 27
        }
      },
      "35": {
        "start": {
          "line": 108,
          "column": 6
        },
        "end": {
          "line": 108,
          "column": 31
        }
      },
      "36": {
        "start": {
          "line": 109,
          "column": 6
        },
        "end": {
          "line": 109,
          "column": 31
        }
      },
      "37": {
        "start": {
          "line": 114,
          "column": 22
        },
        "end": {
          "line": 123,
          "column": 3
        }
      },
      "38": {
        "start": {
          "line": 115,
          "column": 4
        },
        "end": {
          "line": 117,
          "column": 5
        }
      },
      "39": {
        "start": {
          "line": 116,
          "column": 6
        },
        "end": {
          "line": 116,
          "column": 13
        }
      },
      "40": {
        "start": {
          "line": 118,
          "column": 4
        },
        "end": {
          "line": 118,
          "column": 30
        }
      },
      "41": {
        "start": {
          "line": 119,
          "column": 4
        },
        "end": {
          "line": 119,
          "column": 29
        }
      },
      "42": {
        "start": {
          "line": 120,
          "column": 4
        },
        "end": {
          "line": 120,
          "column": 29
        }
      },
      "43": {
        "start": {
          "line": 121,
          "column": 4
        },
        "end": {
          "line": 121,
          "column": 34
        }
      },
      "44": {
        "start": {
          "line": 122,
          "column": 4
        },
        "end": {
          "line": 122,
          "column": 36
        }
      },
      "45": {
        "start": {
          "line": 126,
          "column": 24
        },
        "end": {
          "line": 142,
          "column": 3
        }
      },
      "46": {
        "start": {
          "line": 127,
          "column": 4
        },
        "end": {
          "line": 141,
          "column": 5
        }
      },
      "47": {
        "start": {
          "line": 138,
          "column": 6
        },
        "end": {
          "line": 138,
          "column": 18
        }
      },
      "48": {
        "start": {
          "line": 140,
          "column": 6
        },
        "end": {
          "line": 140,
          "column": 19
        }
      },
      "49": {
        "start": {
          "line": 145,
          "column": 24
        },
        "end": {
          "line": 151,
          "column": 3
        }
      },
      "50": {
        "start": {
          "line": 146,
          "column": 4
        },
        "end": {
          "line": 150,
          "column": 5
        }
      },
      "51": {
        "start": {
          "line": 147,
          "column": 6
        },
        "end": {
          "line": 147,
          "column": 18
        }
      },
      "52": {
        "start": {
          "line": 149,
          "column": 6
        },
        "end": {
          "line": 149,
          "column": 19
        }
      },
      "53": {
        "start": {
          "line": 154,
          "column": 30
        },
        "end": {
          "line": 167,
          "column": 3
        }
      },
      "54": {
        "start": {
          "line": 155,
          "column": 4
        },
        "end": {
          "line": 166,
          "column": 5
        }
      },
      "55": {
        "start": {
          "line": 163,
          "column": 6
        },
        "end": {
          "line": 163,
          "column": 18
        }
      },
      "56": {
        "start": {
          "line": 165,
          "column": 6
        },
        "end": {
          "line": 165,
          "column": 19
        }
      },
      "57": {
        "start": {
          "line": 170,
          "column": 27
        },
        "end": {
          "line": 176,
          "column": 3
        }
      },
      "58": {
        "start": {
          "line": 171,
          "column": 4
        },
        "end": {
          "line": 175,
          "column": 5
        }
      },
      "59": {
        "start": {
          "line": 172,
          "column": 6
        },
        "end": {
          "line": 172,
          "column": 18
        }
      },
      "60": {
        "start": {
          "line": 174,
          "column": 6
        },
        "end": {
          "line": 174,
          "column": 19
        }
      },
      "61": {
        "start": {
          "line": 179,
          "column": 32
        },
        "end": {
          "line": 185,
          "column": 3
        }
      },
      "62": {
        "start": {
          "line": 180,
          "column": 4
        },
        "end": {
          "line": 184,
          "column": 5
        }
      },
      "63": {
        "start": {
          "line": 181,
          "column": 6
        },
        "end": {
          "line": 181,
          "column": 18
        }
      },
      "64": {
        "start": {
          "line": 183,
          "column": 6
        },
        "end": {
          "line": 183,
          "column": 19
        }
      },
      "65": {
        "start": {
          "line": 188,
          "column": 25
        },
        "end": {
          "line": 203,
          "column": 3
        }
      },
      "66": {
        "start": {
          "line": 189,
          "column": 4
        },
        "end": {
          "line": 189,
          "column": 27
        }
      },
      "67": {
        "start": {
          "line": 190,
          "column": 4
        },
        "end": {
          "line": 202,
          "column": 5
        }
      },
      "68": {
        "start": {
          "line": 191,
          "column": 6
        },
        "end": {
          "line": 191,
          "column": 30
        }
      },
      "69": {
        "start": {
          "line": 192,
          "column": 11
        },
        "end": {
          "line": 202,
          "column": 5
        }
      },
      "70": {
        "start": {
          "line": 193,
          "column": 6
        },
        "end": {
          "line": 193,
          "column": 30
        }
      },
      "71": {
        "start": {
          "line": 194,
          "column": 11
        },
        "end": {
          "line": 202,
          "column": 5
        }
      },
      "72": {
        "start": {
          "line": 195,
          "column": 6
        },
        "end": {
          "line": 195,
          "column": 35
        }
      },
      "73": {
        "start": {
          "line": 196,
          "column": 11
        },
        "end": {
          "line": 202,
          "column": 5
        }
      },
      "74": {
        "start": {
          "line": 197,
          "column": 6
        },
        "end": {
          "line": 197,
          "column": 31
        }
      },
      "75": {
        "start": {
          "line": 198,
          "column": 11
        },
        "end": {
          "line": 202,
          "column": 5
        }
      },
      "76": {
        "start": {
          "line": 199,
          "column": 6
        },
        "end": {
          "line": 199,
          "column": 37
        }
      },
      "77": {
        "start": {
          "line": 205,
          "column": 2
        },
        "end": {
          "line": 667,
          "column": 4
        }
      },
      "78": {
        "start": {
          "line": 233,
          "column": 42
        },
        "end": {
          "line": 233,
          "column": 68
        }
      },
      "79": {
        "start": {
          "line": 255,
          "column": 42
        },
        "end": {
          "line": 255,
          "column": 67
        }
      },
      "80": {
        "start": {
          "line": 291,
          "column": 42
        },
        "end": {
          "line": 291,
          "column": 67
        }
      },
      "81": {
        "start": {
          "line": 319,
          "column": 42
        },
        "end": {
          "line": 319,
          "column": 64
        }
      },
      "82": {
        "start": {
          "line": 341,
          "column": 42
        },
        "end": {
          "line": 341,
          "column": 63
        }
      },
      "83": {
        "start": {
          "line": 362,
          "column": 44
        },
        "end": {
          "line": 362,
          "column": 67
        }
      },
      "84": {
        "start": {
          "line": 412,
          "column": 42
        },
        "end": {
          "line": 412,
          "column": 64
        }
      },
      "85": {
        "start": {
          "line": 429,
          "column": 42
        },
        "end": {
          "line": 429,
          "column": 66
        }
      },
      "86": {
        "start": {
          "line": 435,
          "column": 44
        },
        "end": {
          "line": 435,
          "column": 55
        }
      },
      "87": {
        "start": {
          "line": 437,
          "column": 18
        },
        "end": {
          "line": 451,
          "column": 24
        }
      },
      "88": {
        "start": {
          "line": 454,
          "column": 18
        },
        "end": {
          "line": 462,
          "column": 20
        }
      },
      "89": {
        "start": {
          "line": 485,
          "column": 42
        },
        "end": {
          "line": 485,
          "column": 67
        }
      },
      "90": {
        "start": {
          "line": 531,
          "column": 42
        },
        "end": {
          "line": 531,
          "column": 68
        }
      },
      "91": {
        "start": {
          "line": 557,
          "column": 18
        },
        "end": {
          "line": 557,
          "column": 43
        }
      }
    },
    "fnMap": {
      "0": {
        "name": "(anonymous_0)",
        "decl": {
          "start": {
            "line": 56,
            "column": 17
          },
          "end": {
            "line": 56,
            "column": 18
          }
        },
        "loc": {
          "start": {
            "line": 56,
            "column": 23
          },
          "end": {
            "line": 668,
            "column": 1
          }
        },
        "line": 56
      },
      "1": {
        "name": "(anonymous_1)",
        "decl": {
          "start": {
            "line": 92,
            "column": 23
          },
          "end": {
            "line": 92,
            "column": 24
          }
        },
        "loc": {
          "start": {
            "line": 92,
            "column": 29
          },
          "end": {
            "line": 100,
            "column": 3
          }
        },
        "line": 92
      },
      "2": {
        "name": "(anonymous_2)",
        "decl": {
          "start": {
            "line": 103,
            "column": 24
          },
          "end": {
            "line": 103,
            "column": 25
          }
        },
        "loc": {
          "start": {
            "line": 103,
            "column": 30
          },
          "end": {
            "line": 111,
            "column": 3
          }
        },
        "line": 103
      },
      "3": {
        "name": "(anonymous_3)",
        "decl": {
          "start": {
            "line": 114,
            "column": 22
          },
          "end": {
            "line": 114,
            "column": 23
          }
        },
        "loc": {
          "start": {
            "line": 114,
            "column": 41
          },
          "end": {
            "line": 123,
            "column": 3
          }
        },
        "line": 114
      },
      "4": {
        "name": "(anonymous_4)",
        "decl": {
          "start": {
            "line": 126,
            "column": 24
          },
          "end": {
            "line": 126,
            "column": 25
          }
        },
        "loc": {
          "start": {
            "line": 126,
            "column": 30
          },
          "end": {
            "line": 142,
            "column": 3
          }
        },
        "line": 126
      },
      "5": {
        "name": "(anonymous_5)",
        "decl": {
          "start": {
            "line": 145,
            "column": 24
          },
          "end": {
            "line": 145,
            "column": 25
          }
        },
        "loc": {
          "start": {
            "line": 145,
            "column": 30
          },
          "end": {
            "line": 151,
            "column": 3
          }
        },
        "line": 145
      },
      "6": {
        "name": "(anonymous_6)",
        "decl": {
          "start": {
[...]
            },
            "end": {
              "line": 150,
              "column": 5
            }
          }
        ],
        "line": 146
      },
      "6": {
        "loc": {
          "start": {
            "line": 155,
            "column": 4
          },
          "end": {
            "line": 166,
            "column": 5
          }
        },
        "type": "if",
        "locations": [
          {
            "start": {
              "line": 155,
              "column": 4
            },
            "end": {
              "line": 166,
              "column": 5
            }
          },
          {
            "start": {
              "line": 164,
              "column": 11
            },
            "end": {
              "line": 166,
              "column": 5
            }
          }
        ],
        "line": 155
      },
      "7": {
        "loc": {
          "start": {
            "line": 156,
            "column": 6
          },
          "end": {
            "line": 161,
            "column": 56
          }
        },
        "type": "binary-expr",
        "locations": [
          {
            "start": {
              "line": 156,
              "column": 6
            },
            "end": {
              "line": 157,
              "column": 56
            }
          },
          {
            "start": {
              "line": 158,
              "column": 6
            },
            "end": {
              "line": 159,
              "column": 52
            }
          },
          {
            "start": {
              "line": 160,
              "column": 6
            },
            "end": {
              "line": 161,
              "column": 56
            }
          }
        ],
        "line": 156
      },
      "8": {
        "loc": {
          "start": {
            "line": 171,
            "column": 4
          },
          "end": {
            "line": 175,
            "column": 5
          }
        },
        "type": "if",
        "locations": [
          {
            "start": {
              "line": 171,
              "column": 4
            },
            "end": {
              "line": 175,
              "column": 5
            }
          },
          {
            "start": {
              "line": 173,
              "column": 11
            },
            "end": {
              "line": 175,
              "column": 5
            }
          }
        ],
        "line": 171
      },
      "9": {
        "loc": {
          "start": {
            "line": 180,
            "column": 4
          },
          "end": {
            "line": 184,
            "column": 5
          }
        },
        "type": "if",
        "locations": [
          {
            "start": {
              "line": 180,
              "column": 4
            },
            "end": {
              "line": 184,
              "column": 5
            }
          },
          {
            "start": {
              "line": 182,
              "column": 11
            },
            "end": {
              "line": 184,
              "column": 5
            }
          }
        ],
        "line": 180
      },
      "10": {
        "loc": {
          "start": {
            "line": 190,
            "column": 4
          },
          "end": {
            "line": 202,
            "column": 5
          }
        },
        "type": "if",
        "locations": [
          {
            "start": {
              "line": 190,
              "column": 4
            },
            "end": {
              "line": 202,
              "column": 5
            }
          },
          {
            "start": {
              "line": 192,
              "column": 11
            },
            "end": {
              "line": 202,
              "column": 5
            }
          }
        ],
        "line": 190
      },
      "11": {
        "loc": {
          "start": {
            "line": 192,
            "column": 11
          },
          "end": {
            "line": 202,
            "column": 5
          }
        },
        "type": "if",
        "locations": [
          {
            "start": {
              "line": 192,
              "column": 11
            },
            "end": {
              "line": 202,
              "column": 5
            }
          },
          {
            "start": {
              "line": 194,
              "column": 11
            },
            "end": {
              "line": 202,
              "column": 5
            }
          }
        ],
        "line": 192
      },
      "12": {
        "loc": {
          "start": {
            "line": 194,
            "column": 11
          },
          "end": {
            "line": 202,
            "column": 5
          }
        },
        "type": "if",
        "locations": [
          {
            "start": {
              "line": 194,
              "column": 11
            },
            "end": {
              "line": 202,
              "column": 5
            }
          },
          {
            "start": {
              "line": 196,
              "column": 11
            },
            "end": {
              "line": 202,
              "column": 5
            }
          }
        ],
        "line": 194
      },
      "13": {
        "loc": {
          "start": {
            "line": 196,
            "column": 11
          },
          "end": {
            "line": 202,
            "column": 5
          }
        },
        "type": "if",
        "locations": [
          {
            "start": {
              "line": 196,
              "column": 11
            },
            "end": {
              "line": 202,
              "column": 5
            }
          },
          {
            "start": {
              "line": 198,
              "column": 11
            },
            "end": {
              "line": 202,
              "column": 5
            }
          }
        ],
        "line": 196
      },
      "14": {
        "loc": {
          "start": {
            "line": 198,
            "column": 11
          },
          "end": {
            "line": 202,
            "column": 5
          }
        },
        "type": "if",
        "locations": [
          {
            "start": {
              "line": 198,
              "column": 11
            },
            "end": {
              "line": 202,
              "column": 5
            }
          },
          {
            "start": {
              "line": 200,
              "column": 11
            },
            "end": {
              "line": 202,
              "column": 5
            }
          }
        ],
        "line": 198
      }
    },
    "s": {
      "0": 8,
      "1": 8,
      "2": 8,
      "3": 8,
      "4": 1072,
      "5": 1066,
      "6": 1066,
      "7": 1066,
      "8": 1066,
      "9": 1066,
      "10": 1066,
      "11": 1066,
      "12": 1066,
      "13": 1066,
      "14": 1066,
      "15": 1066,
      "16": 1066,
      "17": 1066,
      "18": 1066,
      "19": 1066,
      "20": 1066,
      "21": 1066,
      "22": 1066,
      "23": 1066,
      "24": 1066,
      "25": 1066,
      "26": 1,
      "27": 1,
      "28": 1,
      "29": 0,
      "30": 0,
      "31": 1066,
      "32": 1,
      "33": 1,
      "34": 1,
      "35": 0,
      "36": 0,
      "37": 1066,
      "38": 0,
      "39": 0,
      "40": 0,
      "41": 0,
      "42": 0,
      "43": 0,
      "44": 0,
      "45": 1066,
      "46": 7,
      "47": 1,
      "48": 6,
      "49": 1066,
      "50": 2,
      "51": 1,
      "52": 1,
      "53": 1066,
      "54": 5,
      "55": 3,
      "56": 2,
      "57": 1066,
      "58": 6,
      "59": 1,
      "60": 5,
      "61": 1066,
      "62": 1,
      "63": 1,
      "64": 0,
      "65": 1066,
      "66": 7,
      "67": 7,
      "68": 1,
      "69": 6,
      "70": 1,
      "71": 5,
      "72": 3,
      "73": 2,
      "74": 1,
      "75": 1,
      "76": 1,
      "77": 1066,
      "78": 24,
      "79": 36,
      "80": 68,
      "81": 111,
      "82": 30,
      "83": 6,
      "84": 54,
      "85": 30,
      "86": 25521,
      "87": 6096,
      "88": 1154,
      "89": 68,
      "90": 68,
      "91": 84
    },
    "f": {
      "0": 1072,
      "1": 1,
      "2": 1,
      "3": 0,
      "4": 7,
      "5": 2,
      "6": 5,
      "7": 6,
      "8": 1,
      "9": 7,
      "10": 24,
      "11": 36,
      "12": 68,
      "13": 111,
      "14": 30,
      "15": 6,
      "16": 54,
      "17": 30,
      "18": 25521,
      "19": 6096,
      "20": 1154,
      "21": 68,
      "22": 68,
      "23": 84
    },
    "b": {
      "0": [
        1,
        0
      ],
      "1": [
        1,
        0
      ],
      "2": [
        0,
        0
      ],
      "3": [
        1,
        6
      ],
      "4": [
        7,
        6,
        6,
        6,
        6,
        6,
        6,
        6,
        6
      ],
      "5": [
        1,
        1
      ],
      "6": [
        3,
        2
      ],
      "7": [
        5,
        4,
        3
      ],
      "8": [
        1,
        5
      ],
      "9": [
        1,
        0
      ],
      "10": [
        1,
        6
      ],
      "11": [
        1,
        5
      ],
      "12": [
        3,
        2
      ],
      "13": [
        1,
        1
      ],
      "14": [
        1,
        0
      ]
    },
    "_coverageSchema": "1a1c01bbd47fc00a2c39e90264f33305004495a9",
    "hash": "78ccc91dac308fcfa05ae6863f49596c96b6c67b"
  },
  "C:\\Users\\paulh\\OneDrive\\Escritorio\\Infor\\cuarto\\stw\\flytrax\\flytrax-frontend\\flytrax\\pages\\login\\index.jsx": {
    "path": "C:\\Users\\paulh\\OneDrive\\Escritorio\\Infor\\cuarto\\stw\\flytrax\\flytrax-frontend\\flytrax\\pages\\login\\index.jsx",
    "statementMap": {
      "0": {
        "start": {
          "line": 14,
          "column": 14
        },
        "end": {
          "line": 30,
          "column": 2
        }
      },
      "1": {
        "start": {
          "line": 32,
          "column": 14
        },
        "end": {
          "line": 178,
          "column": 1
        }
      },
      "2": {
        "start": {
          "line": 34,
          "column": 34
        },
        "end": {
          "line": 34,
          "column": 46
        }
      },
      "3": {
        "start": {
          "line": 35,
          "column": 34
        },
        "end": {
          "line": 35,
          "column": 46
        }
      },
      "4": {
        "start": {
          "line": 38,
          "column": 34
        },
        "end": {
          "line": 38,
          "column": 54
        }
      },
      "5": {
        "start": {
          "line": 39,
          "column": 34
        },
        "end": {
          "line": 39,
          "column": 54
        }
      },
      "6": {
        "start": {
          "line": 42,
          "column": 36
        },
        "end": {
          "line": 42,
          "column": 51
        }
      },
      "7": {
        "start": {
          "line": 45,
          "column": 23
        },
        "end": {
          "line": 53,
          "column": 3
        }
      },
      "8": {
        "start": {
          "line": 46,
          "column": 4
        },
        "end": {
          "line": 52,
          "column": 5
        }
      },
      "9": {
        "start": {
          "line": 47,
          "column": 6
        },
        "end": {
          "line": 47,
          "column": 25
        }
      },
      "10": {
        "start": {
          "line": 48,
          "column": 6
        },
        "end": {
          "line": 48,
          "column": 26
        }
      },
      "11": {
        "start": {
          "line": 50,
          "column": 6
        },
        "end": {
          "line": 50,
          "column": 30
        }
      },
      "12": {
        "start": {
          "line": 51,
          "column": 6
        },
        "end": {
          "line": 51,
          "column": 30
        }
      },
      "13": {
        "start": {
          "line": 56,
          "column": 22
        },
        "end": {
          "line": 61,
          "column": 3
        }
      },
      "14": {
        "start": {
          "line": 57,
          "column": 4
        },
        "end": {
          "line": 59,
          "column": 5
        }
      },
      "15": {
        "start": {
          "line": 58,
          "column": 6
        },
        "end": {
          "line": 58,
          "column": 13
        }
      },
      "16": {
        "start": {
          "line": 60,
          "column": 4
        },
        "end": {
          "line": 60,
          "column": 24
        }
      },
      "17": {
        "start": {
          "line": 64,
          "column": 22
        },
        "end": {
          "line": 72,
          "column": 3
        }
      },
      "18": {
        "start": {
          "line": 65,
          "column": 4
        },
        "end": {
          "line": 65,
          "column": 27
        }
      },
      "19": {
        "start": {
          "line": 67,
          "column": 4
        },
        "end": {
          "line": 71,
          "column": 5
        }
      },
      "20": {
        "start": {
          "line": 68,
          "column": 6
        },
        "end": {
          "line": 68,
          "column": 25
        }
      },
      "21": {
        "start": {
          "line": 74,
          "column": 2
        },
        "end": {
          "line": 177,
          "column": 4
        }
      },
      "22": {
        "start": {
          "line": 99,
          "column": 40
        },
        "end": {
          "line": 99,
          "column": 65
        }
      },
      "23": {
        "start": {
          "line": 117,
          "column": 40
        },
        "end": {
          "line": 117,
          "column": 65
        }
      }
    },
    "fnMap": {
      "0": {
        "name": "(anonymous_0)",
        "decl": {
          "start": {
            "line": 32,
            "column": 14
          },
          "end": {
            "line": 32,
            "column": 15
          }
        },
        "loc": {
          "start": {
            "line": 32,
            "column": 20
          },
          "end": {
            "line": 178,
            "column": 1
          }
        },
        "line": 32
      },
      "1": {
        "name": "(anonymous_1)",
        "decl": {
          "start": {
            "line": 45,
            "column": 23
          },
          "end": {
            "line": 45,
            "column": 24
          }
        },
        "loc": {
          "start": {
            "line": 45,
            "column": 29
          },
          "end": {
            "line": 53,
            "column": 3
          }
        },
        "line": 45
      },
      "2": {
        "name": "(anonymous_2)",
        "decl": {
          "start": {
            "line": 56,
            "column": 22
          },
          "end": {
            "line": 56,
            "column": 23
          }
        },
        "loc": {
          "start": {
            "line": 56,
            "column": 41
          },
          "end": {
            "line": 61,
            "column": 3
          }
        },
        "line": 56
      },
      "3": {
        "name": "(anonymous_3)",
        "decl": {
          "start": {
            "line": 64,
            "column": 22
          },
          "end": {
            "line": 64,
            "column": 23
          }
        },
        "loc": {
          "start": {
            "line": 64,
            "column": 33
          },
          "end": {
            "line": 72,
            "column": 3
          }
        },
        "line": 64
      },
      "4": {
        "name": "(anonymous_4)",
        "decl": {
          "start": {
            "line": 99,
            "column": 24
          },
          "end": {
            "line": 99,
            "column": 25
          }
        },
        "loc": {
          "start": {
            "line": 99,
            "column": 40
          },
          "end": {
            "line": 99,
            "column": 65
          }
        },
        "line": 99
      },
      "5": {
        "name": "(anonymous_5)",
        "decl": {
          "start": {
            "line": 117,
            "column": 24
          },
          "end": {
            "line": 117,
            "column": 25
          }
        },
        "loc": {
          "start": {
            "line": 117,
            "column": 40
          },
          "end": {
            "line": 117,
            "column": 65
          }
        },
        "line": 117
      }
    },
    "branchMap": {
      "0": {
        "loc": {
          "start": {
            "line": 46,
            "column": 4
          },
          "end": {
            "line": 52,
            "column": 5
          }
        },
        "type": "if",
        "locations": [
          {
            "start": {
              "line": 46,
              "column": 4
            },
            "end": {
              "line": 52,
              "column": 5
            }
          },
          {
            "start": {
              "line": 49,
              "column": 11
            },
            "end": {
              "line": 52,
              "column": 5
            }
          }
        ],
        "line": 46
      },
      "1": {
        "loc": {
          "start": {
            "line": 57,
            "column": 4
          },
          "end": {
            "line": 59,
            "column": 5
          }
        },
        "type": "if",
        "locations": [
          {
            "start": {
              "line": 57,
              "column": 4
            },
            "end": {
              "line": 59,
              "column": 5
            }
          },
          {
            "start": {},
            "end": {}
          }
        ],
        "line": 57
      },
      "2": {
        "loc": {
          "start": {
            "line": 67,
            "column": 4
          },
          "end": {
            "line": 71,
            "column": 5
          }
        },
        "type": "if",
        "locations": [
          {
            "start": {
              "line": 67,
              "column": 4
            },
            "end": {
              "line": 71,
              "column": 5
            }
          },
          {
            "start": {
              "line": 69,
              "column": 11
            },
            "end": {
              "line": 71,
              "column": 5
            }
          }
        ],
        "line": 67
      },
      "3": {
        "loc": {
          "start": {
            "line": 67,
            "column": 8
          },
          "end": {
            "line": 67,
            "column": 42
          }
        },
        "type": "binary-expr",
        "locations": [
          {
            "start": {
              "line": 67,
              "column": 8
            },
            "end": {
              "line": 67,
              "column": 23
            }
          },
          {
            "start": {
              "line": 67,
              "column": 27
            },
            "end": {
              "line": 67,
              "column": 42
            }
          }
        ],
        "line": 67
      }
    },
    "s": {
      "0": 1,
      "1": 1,
      "2": 2,
      "3": 2,
      "4": 2,
      "5": 2,
      "6": 2,
      "7": 2,
      "8": 0,
      "9": 0,
      "10": 0,
      "11": 0,
      "12": 0,
      "13": 2,
      "14": 0,
      "15": 0,
      "16": 0,
      "17": 2,
      "18": 0,
      "19": 0,
      "20": 0,
      "21": 2,
      "22": 0,
      "23": 0
    },
    "f": {
      "0": 2,
      "1": 0,
      "2": 0,
      "3": 0,
      "4": 0,
      "5": 0
    },
    "b": {
      "0": [
        0,
        0
      ],
      "1": [
        0,
        0
      ],
      "2": [
        0,
        0
      ],
      "3": [
        0,
        0
      ]
    },
    "_coverageSchema": "1a1c01bbd47fc00a2c39e90264f33305004495a9",
    "hash": "2293f596914601c680e81a54363aeb59fd1cbb60"
  }
}